Fri, 20 Jan 2017 15:00:17 data_sa.py[line:242] INFO KN:21	164.941999912
Fri, 20 Jan 2017 15:00:17 data_sa.py[line:243] INFO 
             precision    recall  f1-score   support

          1     0.9566    0.9506    0.9536       789
          2     0.8477    0.8864    0.8666       766
          3     0.9578    0.8329    0.8910       736
          4     0.8379    0.9180    0.8761       805
          5     0.8673    0.8854    0.8763       768
          6     0.8777    0.9071    0.8921       775
          7     0.8271    0.8603    0.8434       773
          8     0.8299    0.7575    0.7920       734
          9     0.9608    0.8768    0.9169       755
         10     0.9466    0.9023    0.9239       747
         11     0.8468    0.8525    0.8496       739
         12     0.9770    0.8922    0.9327       761
         13     0.9409    0.9444    0.9427       792
         14     0.9481    0.9336    0.9408       783
         15     0.8510    0.8871    0.8687       753
         16     0.9478    0.8593    0.9014       803
         17     0.9099    0.9157    0.9128       783
         18     0.7473    0.9169    0.8235       758
         19     0.8044    0.8743    0.8379       748
         20     0.9581    0.8894    0.9225       796
         21     0.9480    0.9422    0.9451       813
         22     0.9524    0.9175    0.9347       764
         23     0.9227    0.9521    0.9372       752
         24     0.9062    0.9212    0.9137       787
         25     0.9481    0.9529    0.9505       786
         26     0.9170    0.9183    0.9176       734

avg / total     0.9018    0.8986    0.8991     20000

Fri, 20 Jan 2017 15:05:31 data_sa.py[line:236] INFO KN:7	58.8429999352
Fri, 20 Jan 2017 15:05:31 data_sa.py[line:237] INFO 
             precision    recall  f1-score   support

          1     0.9566    0.9506    0.9536       789
          2     0.8477    0.8864    0.8666       766
          3     0.9578    0.8329    0.8910       736
          4     0.8379    0.9180    0.8761       805
          5     0.8673    0.8854    0.8763       768
          6     0.8777    0.9071    0.8921       775
          7     0.8271    0.8603    0.8434       773
          8     0.8299    0.7575    0.7920       734
          9     0.9608    0.8768    0.9169       755
         10     0.9466    0.9023    0.9239       747
         11     0.8468    0.8525    0.8496       739
         12     0.9770    0.8922    0.9327       761
         13     0.9409    0.9444    0.9427       792
         14     0.9481    0.9336    0.9408       783
         15     0.8510    0.8871    0.8687       753
         16     0.9478    0.8593    0.9014       803
         17     0.9099    0.9157    0.9128       783
         18     0.7473    0.9169    0.8235       758
         19     0.8044    0.8743    0.8379       748
         20     0.9581    0.8894    0.9225       796
         21     0.9480    0.9422    0.9451       813
         22     0.9524    0.9175    0.9347       764
         23     0.9227    0.9521    0.9372       752
         24     0.9062    0.9212    0.9137       787
         25     0.9481    0.9529    0.9505       786
         26     0.9170    0.9183    0.9176       734

avg / total     0.9018    0.8986    0.8991     20000

Fri, 20 Jan 2017 15:10:19 data_sa.py[line:236] INFO KN:37	54.7219998837
Fri, 20 Jan 2017 15:10:19 data_sa.py[line:237] INFO 
             precision    recall  f1-score   support

          1     0.9566    0.9506    0.9536       789
          2     0.8477    0.8864    0.8666       766
          3     0.9578    0.8329    0.8910       736
          4     0.8379    0.9180    0.8761       805
          5     0.8673    0.8854    0.8763       768
          6     0.8777    0.9071    0.8921       775
          7     0.8271    0.8603    0.8434       773
          8     0.8299    0.7575    0.7920       734
          9     0.9608    0.8768    0.9169       755
         10     0.9466    0.9023    0.9239       747
         11     0.8468    0.8525    0.8496       739
         12     0.9770    0.8922    0.9327       761
         13     0.9409    0.9444    0.9427       792
         14     0.9481    0.9336    0.9408       783
         15     0.8510    0.8871    0.8687       753
         16     0.9478    0.8593    0.9014       803
         17     0.9099    0.9157    0.9128       783
         18     0.7473    0.9169    0.8235       758
         19     0.8044    0.8743    0.8379       748
         20     0.9581    0.8894    0.9225       796
         21     0.9480    0.9422    0.9451       813
         22     0.9524    0.9175    0.9347       764
         23     0.9227    0.9521    0.9372       752
         24     0.9062    0.9212    0.9137       787
         25     0.9481    0.9529    0.9505       786
         26     0.9170    0.9183    0.9176       734

avg / total     0.9018    0.8986    0.8991     20000

Fri, 20 Jan 2017 15:16:42 data_sa.py[line:236] INFO for the strategy:C
Fri, 20 Jan 2017 15:16:42 data_sa.py[line:237] INFO KN:24	54.5480000973
Fri, 20 Jan 2017 15:16:42 data_sa.py[line:238] INFO 
             precision    recall  f1-score   support

          1     0.9809    0.9747    0.9777       789
          2     0.8782    0.9034    0.8906       766
          3     0.9716    0.8818    0.9245       736
          4     0.8815    0.9329    0.9065       805
          5     0.8961    0.8984    0.8973       768
          6     0.8934    0.9303    0.9115       775
          7     0.8682    0.9120    0.8896       773
          8     0.8629    0.8229    0.8424       734
          9     0.9649    0.9099    0.9366       755
         10     0.9556    0.9210    0.9380       747
         11     0.9076    0.9039    0.9058       739
         12     0.9773    0.9054    0.9400       761
         13     0.9597    0.9634    0.9616       792
         14     0.9561    0.9451    0.9505       783
         15     0.9006    0.9270    0.9136       753
         16     0.9690    0.8966    0.9314       803
         17     0.9360    0.9527    0.9443       783
         18     0.8039    0.9248    0.8601       758
         19     0.8960    0.9332    0.9142       748
         20     0.9750    0.9322    0.9531       796
         21     0.9679    0.9656    0.9667       813
         22     0.9702    0.9372    0.9534       764
         23     0.9371    0.9707    0.9536       752
         24     0.9332    0.9403    0.9367       787
         25     0.9721    0.9746    0.9733       786
         26     0.9393    0.9482    0.9437       734

avg / total     0.9294    0.9277    0.9280     20000

