Tue, 14 Feb 2017 16:56:09 data_sa.py[line:359] INFO for the strategy:C
Tue, 14 Feb 2017 16:56:09 data_sa.py[line:360] INFO KN:30	0.164400815964
Tue, 14 Feb 2017 16:56:09 data_sa.py[line:364] INFO 
             precision    recall  f1-score   support

          1       0.96      0.92      0.94        48
          2       0.90      0.20      0.33       371
          3       0.39      0.50      0.44        60
          4       0.82      1.00      0.90        37
          5       0.04      0.11      0.05        19
          6       0.93      0.90      0.91        99
          7       0.98      0.91      0.94       106
          8       0.75      0.39      0.52       137
          9       0.13      0.82      0.22        17
         10       0.10      0.35      0.16        20
         11       0.92      0.28      0.42       330
         12       0.27      0.78      0.40        27
         13       0.07      0.20      0.10        15
         14       0.27      0.74      0.40        31
         15       0.15      0.30      0.20        50
         16       0.99      0.94      0.96        87
         17       0.00      0.00      0.00        18
         18       0.13      0.19      0.15        42
         19       0.08      0.13      0.10        31
         20       0.57      0.91      0.70        32
         21       0.00      0.00      0.00        10
         22       0.00      0.00      0.00        13
         23       0.07      0.22      0.11        18
         24       0.33      0.53      0.41        19
         25       0.00      0.00      0.00        20

avg / total       0.72      0.44      0.48      1657

Tue, 14 Feb 2017 16:57:10 data_sa.py[line:359] INFO for the strategy:R
Tue, 14 Feb 2017 16:57:11 data_sa.py[line:360] INFO KN:30	59.5595281124
Tue, 14 Feb 2017 16:57:11 data_sa.py[line:364] INFO 
             precision    recall  f1-score   support

          1       0.54      0.94      0.69        48
          2       0.88      0.21      0.34       371
          3       0.67      0.43      0.53        60
          4       0.84      0.97      0.90        37
          5       0.03      0.11      0.05        19
          6       0.93      0.91      0.92        99
          7       0.98      0.84      0.90       106
          8       0.74      0.42      0.54       137
          9       0.08      0.47      0.14        17
         10       0.10      0.35      0.16        20
         11       0.90      0.22      0.36       330
         12       0.30      0.81      0.44        27
         13       0.12      0.67      0.21        15
         14       0.25      0.68      0.37        31
         15       0.08      0.12      0.10        50
         16       0.99      0.94      0.96        87
         17       0.00      0.00      0.00        18
         18       0.20      0.21      0.21        42
         19       0.07      0.13      0.09        31
         20       0.52      0.91      0.66        32
         21       0.02      0.10      0.03        10
         22       0.00      0.00      0.00        13
         23       0.07      0.22      0.11        18
         24       0.31      0.47      0.38        19
         25       0.00      0.00      0.00        20

avg / total       0.70      0.43      0.46      1657

Tue, 14 Feb 2017 16:57:15 data_sa.py[line:359] INFO for the strategy:C
Tue, 14 Feb 2017 16:57:15 data_sa.py[line:360] INFO KN:30	0.157556056976
Tue, 14 Feb 2017 16:57:15 data_sa.py[line:364] INFO 
             precision    recall  f1-score   support

          1       0.96      0.92      0.94        48
          2       0.90      0.20      0.33       371
          3       0.39      0.50      0.44        60
          4       0.82      1.00      0.90        37
          5       0.04      0.11      0.05        19
          6       0.93      0.90      0.91        99
          7       0.98      0.91      0.94       106
          8       0.75      0.39      0.52       137
          9       0.13      0.82      0.22        17
         10       0.10      0.35      0.16        20
         11       0.92      0.28      0.42       330
         12       0.27      0.78      0.40        27
         13       0.07      0.20      0.10        15
         14       0.27      0.74      0.40        31
         15       0.15      0.30      0.20        50
         16       0.99      0.94      0.96        87
         17       0.00      0.00      0.00        18
         18       0.13      0.19      0.15        42
         19       0.08      0.13      0.10        31
         20       0.57      0.91      0.70        32
         21       0.00      0.00      0.00        10
         22       0.00      0.00      0.00        13
         23       0.07      0.22      0.11        18
         24       0.33      0.53      0.41        19
         25       0.00      0.00      0.00        20

avg / total       0.72      0.44      0.48      1657

Tue, 14 Feb 2017 16:58:17 data_sa.py[line:359] INFO for the strategy:R
Tue, 14 Feb 2017 16:58:17 data_sa.py[line:360] INFO KN:30	60.8134939671
Tue, 14 Feb 2017 16:58:17 data_sa.py[line:364] INFO 
             precision    recall  f1-score   support

          1       0.53      0.92      0.67        48
          2       0.87      0.21      0.34       371
          3       0.64      0.42      0.51        60
          4       0.82      1.00      0.90        37
          5       0.03      0.11      0.05        19
          6       0.93      0.91      0.92        99
          7       0.98      0.82      0.89       106
          8       0.75      0.42      0.54       137
          9       0.07      0.29      0.11        17
         10       0.10      0.35      0.16        20
         11       0.90      0.22      0.36       330
         12       0.29      0.81      0.43        27
         13       0.13      0.67      0.21        15
         14       0.27      0.74      0.39        31
         15       0.12      0.12      0.12        50
         16       0.99      0.94      0.96        87
         17       0.00      0.00      0.00        18
         18       0.20      0.21      0.21        42
         19       0.00      0.00      0.00        31
         20       0.53      0.91      0.67        32
         21       0.02      0.10      0.03        10
         22       0.06      0.46      0.11        13
         23       0.07      0.22      0.11        18
         24       0.32      0.53      0.40        19
         25       0.00      0.00      0.00        20

avg / total       0.70      0.43      0.46      1657

Tue, 14 Feb 2017 16:58:22 data_sa.py[line:359] INFO for the strategy:C
Tue, 14 Feb 2017 16:58:22 data_sa.py[line:360] INFO KN:47	0.165158033371
Tue, 14 Feb 2017 16:58:22 data_sa.py[line:364] INFO 
             precision    recall  f1-score   support

          1       0.96      0.92      0.94        48
          2       0.88      0.23      0.37       371
          3       0.67      0.47      0.55        60
          4       0.50      0.97      0.66        37
          5       0.03      0.11      0.05        19
          6       0.98      0.91      0.94        99
          7       0.97      0.70      0.81       106
          8       0.75      0.43      0.55       137
          9       0.06      0.29      0.10        17
         10       0.10      0.35      0.15        20
         11       0.85      0.22      0.35       330
         12       0.30      0.81      0.44        27
         13       0.07      0.20      0.11        15
         14       0.00      0.00      0.00        31
         15       0.11      0.12      0.11        50
         16       0.99      0.93      0.96        87
         17       0.00      0.00      0.00        18
         18       0.12      0.29      0.17        42
         19       0.14      0.45      0.22        31
         20       0.45      0.91      0.60        32
         21       0.00      0.00      0.00        10
         22       0.00      0.00      0.00        13
         23       0.07      0.22      0.11        18
         24       0.20      0.53      0.29        19
         25       0.39      1.00      0.56        20

avg / total       0.70      0.43      0.46      1657

