Tue, 14 Feb 2017 15:38:26 data_sa.py[line:359] INFO for the strategy:C
Tue, 14 Feb 2017 15:38:26 data_sa.py[line:360] INFO KN:37	0.15838098526
Tue, 14 Feb 2017 15:38:26 data_sa.py[line:364] INFO 
             precision    recall  f1-score   support

          1       0.71      0.71      0.71       485
          2       0.17      0.28      0.21       116
          3       0.57      0.60      0.58       429
          4       0.60      0.45      0.52       603
          5       0.61      0.54      0.57       481
          6       0.04      0.07      0.05       187

avg / total       0.55      0.51      0.53      2301

Tue, 14 Feb 2017 15:38:31 data_sa.py[line:359] INFO for the strategy:R
Tue, 14 Feb 2017 15:38:31 data_sa.py[line:360] INFO KN:37	3.42131209373
Tue, 14 Feb 2017 15:38:31 data_sa.py[line:364] INFO 
             precision    recall  f1-score   support

          1       0.72      0.68      0.70       485
          2       0.13      0.35      0.19       116
          3       0.58      0.50      0.54       429
          4       0.61      0.47      0.53       603
          5       0.65      0.53      0.58       481
          6       0.04      0.06      0.05       187

avg / total       0.56      0.50      0.52      2301

Tue, 14 Feb 2017 15:38:34 data_sa.py[line:359] INFO for the strategy:C
Tue, 14 Feb 2017 15:38:34 data_sa.py[line:360] INFO KN:50	0.163745880127
Tue, 14 Feb 2017 15:38:34 data_sa.py[line:364] INFO 
             precision    recall  f1-score   support

          1       0.72      0.69      0.70       485
          2       0.18      0.31      0.23       116
          3       0.57      0.60      0.58       429
          4       0.61      0.48      0.54       603
          5       0.64      0.54      0.58       481
          6       0.05      0.07      0.06       187

avg / total       0.56      0.52      0.54      2301

Tue, 14 Feb 2017 15:38:39 data_sa.py[line:359] INFO for the strategy:R
Tue, 14 Feb 2017 15:38:39 data_sa.py[line:360] INFO KN:50	3.39502382278
Tue, 14 Feb 2017 15:38:39 data_sa.py[line:364] INFO 
             precision    recall  f1-score   support

          1       0.72      0.68      0.70       485
          2       0.13      0.35      0.19       116
          3       0.57      0.49      0.53       429
          4       0.61      0.47      0.53       603
          5       0.64      0.53      0.58       481
          6       0.04      0.06      0.05       187

avg / total       0.56      0.49      0.52      2301

Tue, 14 Feb 2017 15:38:43 data_sa.py[line:359] INFO for the strategy:C
Tue, 14 Feb 2017 15:38:43 data_sa.py[line:360] INFO KN:32	0.158586978912
Tue, 14 Feb 2017 15:38:43 data_sa.py[line:364] INFO 
             precision    recall  f1-score   support

          1       0.71      0.71      0.71       485
          2       0.17      0.28      0.21       116
          3       0.58      0.56      0.57       429
          4       0.61      0.48      0.53       603
          5       0.62      0.54      0.57       481
          6       0.03      0.06      0.04       187

avg / total       0.56      0.51      0.53      2301

Tue, 14 Feb 2017 15:38:48 data_sa.py[line:359] INFO for the strategy:R
Tue, 14 Feb 2017 15:38:48 data_sa.py[line:360] INFO KN:32	3.28437900543
Tue, 14 Feb 2017 15:38:48 data_sa.py[line:364] INFO 
             precision    recall  f1-score   support

          1       0.72      0.68      0.70       485
          2       0.12      0.35      0.18       116
          3       0.56      0.48      0.52       429
          4       0.62      0.47      0.53       603
          5       0.65      0.53      0.58       481
          6       0.05      0.07      0.06       187

avg / total       0.56      0.49      0.52      2301

Tue, 14 Feb 2017 15:38:51 data_sa.py[line:359] INFO for the strategy:C
Tue, 14 Feb 2017 15:38:51 data_sa.py[line:360] INFO KN:20	0.162078142166
Tue, 14 Feb 2017 15:38:51 data_sa.py[line:364] INFO 
             precision    recall  f1-score   support

          1       0.72      0.68      0.70       485
          2       0.18      0.31      0.23       116
          3       0.57      0.60      0.59       429
          4       0.61      0.48      0.54       603
          5       0.64      0.54      0.59       481
          6       0.05      0.07      0.06       187

avg / total       0.56      0.52      0.54      2301

Tue, 14 Feb 2017 15:38:56 data_sa.py[line:359] INFO for the strategy:R
Tue, 14 Feb 2017 15:38:56 data_sa.py[line:360] INFO KN:20	3.3566942215
Tue, 14 Feb 2017 15:38:56 data_sa.py[line:364] INFO 
             precision    recall  f1-score   support

          1       0.71      0.68      0.70       485
          2       0.13      0.35      0.19       116
          3       0.55      0.47      0.51       429
          4       0.61      0.47      0.53       603
          5       0.64      0.54      0.59       481
          6       0.04      0.06      0.05       187

avg / total       0.56      0.49      0.52      2301

Tue, 14 Feb 2017 15:38:59 data_sa.py[line:359] INFO for the strategy:C
Tue, 14 Feb 2017 15:38:59 data_sa.py[line:360] INFO KN:30	0.161768913269
Tue, 14 Feb 2017 15:38:59 data_sa.py[line:364] INFO 
             precision    recall  f1-score   support

          1       0.71      0.68      0.70       485
          2       0.18      0.31      0.23       116
          3       0.57      0.58      0.58       429
          4       0.61      0.48      0.54       603
          5       0.64      0.56      0.60       481
          6       0.05      0.07      0.06       187

avg / total       0.56      0.52      0.54      2301

Tue, 14 Feb 2017 15:39:04 data_sa.py[line:359] INFO for the strategy:R
Tue, 14 Feb 2017 15:39:04 data_sa.py[line:360] INFO KN:30	3.33273100853
Tue, 14 Feb 2017 15:39:04 data_sa.py[line:364] INFO 
             precision    recall  f1-score   support

          1       0.71      0.68      0.69       485
          2       0.12      0.34      0.18       116
          3       0.57      0.49      0.53       429
          4       0.61      0.47      0.53       603
          5       0.64      0.53      0.58       481
          6       0.04      0.06      0.05       187

avg / total       0.56      0.49      0.52      2301

Tue, 14 Feb 2017 15:39:08 data_sa.py[line:359] INFO for the strategy:C
Tue, 14 Feb 2017 15:39:08 data_sa.py[line:360] INFO KN:2	0.159970998764
Tue, 14 Feb 2017 15:39:08 data_sa.py[line:364] INFO 
             precision    recall  f1-score   support

          1       0.70      0.70      0.70       485
          2       0.18      0.28      0.22       116
          3       0.57      0.59      0.58       429
          4       0.60      0.48      0.53       603
          5       0.64      0.54      0.58       481
          6       0.04      0.07      0.06       187

avg / total       0.56      0.51      0.53      2301

Tue, 14 Feb 2017 15:39:13 data_sa.py[line:359] INFO for the strategy:R
Tue, 14 Feb 2017 15:39:13 data_sa.py[line:360] INFO KN:2	3.65201497078
Tue, 14 Feb 2017 15:39:13 data_sa.py[line:364] INFO 
             precision    recall  f1-score   support

          1       0.71      0.68      0.69       485
          2       0.14      0.37      0.20       116
          3       0.58      0.52      0.55       429
          4       0.61      0.47      0.53       603
          5       0.64      0.53      0.58       481
          6       0.03      0.05      0.04       187

avg / total       0.56      0.50      0.52      2301

Tue, 14 Feb 2017 15:39:16 data_sa.py[line:359] INFO for the strategy:C
Tue, 14 Feb 2017 15:39:16 data_sa.py[line:360] INFO KN:27	0.162670850754
Tue, 14 Feb 2017 15:39:16 data_sa.py[line:364] INFO 
             precision    recall  f1-score   support

          1       0.72      0.69      0.70       485
          2       0.18      0.31      0.23       116
          3       0.56      0.58      0.57       429
          4       0.61      0.48      0.54       603
          5       0.63      0.54      0.58       481
          6       0.04      0.07      0.05       187

avg / total       0.56      0.51      0.53      2301

Tue, 14 Feb 2017 15:39:21 data_sa.py[line:359] INFO for the strategy:R
Tue, 14 Feb 2017 15:39:21 data_sa.py[line:360] INFO KN:27	3.53754997253
Tue, 14 Feb 2017 15:39:21 data_sa.py[line:364] INFO 
             precision    recall  f1-score   support

          1       0.71      0.68      0.70       485
          2       0.14      0.36      0.20       116
          3       0.59      0.53      0.56       429
          4       0.61      0.47      0.53       603
          5       0.64      0.53      0.58       481
          6       0.04      0.06      0.05       187

avg / total       0.56      0.50      0.52      2301

Tue, 14 Feb 2017 15:39:25 data_sa.py[line:359] INFO for the strategy:C
Tue, 14 Feb 2017 15:39:25 data_sa.py[line:360] INFO KN:49	0.162117958069
Tue, 14 Feb 2017 15:39:25 data_sa.py[line:364] INFO 
             precision    recall  f1-score   support

          1       0.70      0.72      0.71       485
          2       0.19      0.28      0.22       116
          3       0.57      0.60      0.58       429
          4       0.61      0.48      0.54       603
          5       0.64      0.55      0.59       481
          6       0.04      0.06      0.05       187

avg / total       0.56      0.52      0.54      2301

Tue, 14 Feb 2017 15:39:30 data_sa.py[line:359] INFO for the strategy:R
Tue, 14 Feb 2017 15:39:30 data_sa.py[line:360] INFO KN:49	3.5751619339
Tue, 14 Feb 2017 15:39:30 data_sa.py[line:364] INFO 
             precision    recall  f1-score   support

          1       0.72      0.68      0.70       485
          2       0.13      0.34      0.19       116
          3       0.58      0.51      0.54       429
          4       0.61      0.47      0.53       603
          5       0.64      0.53      0.58       481
          6       0.04      0.06      0.05       187

avg / total       0.56      0.50      0.52      2301

Tue, 14 Feb 2017 15:39:33 data_sa.py[line:359] INFO for the strategy:C
Tue, 14 Feb 2017 15:39:33 data_sa.py[line:360] INFO KN:34	0.163830041885
Tue, 14 Feb 2017 15:39:33 data_sa.py[line:364] INFO 
             precision    recall  f1-score   support

          1       0.72      0.69      0.70       485
          2       0.18      0.31      0.23       116
          3       0.57      0.58      0.58       429
          4       0.60      0.48      0.53       603
          5       0.62      0.54      0.58       481
          6       0.04      0.07      0.05       187

avg / total       0.56      0.51      0.53      2301

Tue, 14 Feb 2017 15:39:38 data_sa.py[line:359] INFO for the strategy:R
Tue, 14 Feb 2017 15:39:38 data_sa.py[line:360] INFO KN:34	3.44158697128
Tue, 14 Feb 2017 15:39:38 data_sa.py[line:364] INFO 
             precision    recall  f1-score   support

          1       0.71      0.67      0.69       485
          2       0.13      0.35      0.19       116
          3       0.59      0.52      0.55       429
          4       0.61      0.47      0.53       603
          5       0.64      0.53      0.58       481
          6       0.04      0.06      0.05       187

avg / total       0.56      0.50      0.52      2301

Tue, 14 Feb 2017 15:39:42 data_sa.py[line:359] INFO for the strategy:C
Tue, 14 Feb 2017 15:39:42 data_sa.py[line:360] INFO KN:16	0.157558202744
Tue, 14 Feb 2017 15:39:42 data_sa.py[line:364] INFO 
             precision    recall  f1-score   support

          1       0.73      0.68      0.70       485
          2       0.21      0.39      0.27       116
          3       0.56      0.56      0.56       429
          4       0.59      0.48      0.53       603
          5       0.64      0.54      0.59       481
          6       0.04      0.07      0.06       187

avg / total       0.56      0.51      0.53      2301

Tue, 14 Feb 2017 15:39:47 data_sa.py[line:359] INFO for the strategy:R
Tue, 14 Feb 2017 15:39:47 data_sa.py[line:360] INFO KN:16	3.45241093636
Tue, 14 Feb 2017 15:39:47 data_sa.py[line:364] INFO 
             precision    recall  f1-score   support

          1       0.72      0.67      0.69       485
          2       0.14      0.36      0.20       116
          3       0.57      0.51      0.54       429
          4       0.61      0.47      0.53       603
          5       0.64      0.53      0.58       481
          6       0.04      0.06      0.05       187

avg / total       0.56      0.49      0.52      2301

