Tue, 14 Feb 2017 15:35:34 data_sa.py[line:359] INFO for the strategy:C
Tue, 14 Feb 2017 15:35:34 data_sa.py[line:360] INFO KN:10	0.16033411026
Tue, 14 Feb 2017 15:35:34 data_sa.py[line:364] INFO 
             precision    recall  f1-score   support

          1       0.99      0.99      0.99       494
          2       1.00      0.46      0.63      1389
          3       0.49      0.99      0.66       141
          4       0.68      0.97      0.80       114
          5       0.00      0.00      0.00        60
          6       0.35      0.88      0.50       142

avg / total       0.89      0.64      0.69      2340

Tue, 14 Feb 2017 15:35:40 data_sa.py[line:359] INFO for the strategy:R
Tue, 14 Feb 2017 15:35:40 data_sa.py[line:360] INFO KN:10	4.16624498367
Tue, 14 Feb 2017 15:35:40 data_sa.py[line:364] INFO 
             precision    recall  f1-score   support

          1       0.99      0.99      0.99       494
          2       1.00      0.37      0.54      1389
          3       0.45      0.87      0.59       141
          4       0.37      0.96      0.53       114
          5       0.00      0.00      0.00        60
          6       0.36      0.89      0.51       142

avg / total       0.87      0.58      0.62      2340

Tue, 14 Feb 2017 15:35:44 data_sa.py[line:359] INFO for the strategy:C
Tue, 14 Feb 2017 15:35:44 data_sa.py[line:360] INFO KN:9	0.156755924225
Tue, 14 Feb 2017 15:35:44 data_sa.py[line:364] INFO 
             precision    recall  f1-score   support

          1       0.95      0.99      0.97       494
          2       1.00      0.46      0.63      1389
          3       0.52      0.99      0.69       141
          4       0.76      0.97      0.85       114
          5       0.00      0.00      0.00        60
          6       0.37      0.89      0.52       142

avg / total       0.88      0.64      0.69      2340

Tue, 14 Feb 2017 15:35:50 data_sa.py[line:359] INFO for the strategy:R
Tue, 14 Feb 2017 15:35:50 data_sa.py[line:360] INFO KN:9	4.19505500793
Tue, 14 Feb 2017 15:35:50 data_sa.py[line:364] INFO 
             precision    recall  f1-score   support

          1       0.99      0.99      0.99       494
          2       1.00      0.38      0.55      1389
          3       0.44      0.82      0.57       141
          4       0.37      0.96      0.53       114
          5       0.00      0.00      0.00        60
          6       0.36      0.89      0.51       142

avg / total       0.87      0.59      0.63      2340

Tue, 14 Feb 2017 15:35:53 data_sa.py[line:359] INFO for the strategy:C
Tue, 14 Feb 2017 15:35:53 data_sa.py[line:360] INFO KN:15	0.161844015121
Tue, 14 Feb 2017 15:35:53 data_sa.py[line:364] INFO 
             precision    recall  f1-score   support

          1       0.99      0.99      0.99       494
          2       1.00      0.46      0.63      1389
          3       0.48      0.99      0.65       141
          4       0.75      0.97      0.85       114
          5       0.00      0.00      0.00        60
          6       0.36      0.89      0.51       142

avg / total       0.89      0.65      0.70      2340

Tue, 14 Feb 2017 15:35:59 data_sa.py[line:359] INFO for the strategy:R
Tue, 14 Feb 2017 15:35:59 data_sa.py[line:360] INFO KN:15	4.13792896271
Tue, 14 Feb 2017 15:35:59 data_sa.py[line:364] INFO 
             precision    recall  f1-score   support

          1       0.99      0.99      0.99       494
          2       1.00      0.37      0.54      1389
          3       0.43      0.82      0.57       141
          4       0.35      0.97      0.52       114
          5       0.00      0.00      0.00        60
          6       0.36      0.89      0.51       142

avg / total       0.87      0.58      0.62      2340

Tue, 14 Feb 2017 15:36:03 data_sa.py[line:359] INFO for the strategy:C
Tue, 14 Feb 2017 15:36:03 data_sa.py[line:360] INFO KN:27	0.163233041763
Tue, 14 Feb 2017 15:36:03 data_sa.py[line:364] INFO 
             precision    recall  f1-score   support

          1       0.99      0.99      0.99       494
          2       1.00      0.43      0.61      1389
          3       0.43      0.99      0.60       141
          4       0.75      0.96      0.84       114
          5       0.00      0.00      0.00        60
          6       0.35      0.89      0.50       142

avg / total       0.89      0.63      0.68      2340

Tue, 14 Feb 2017 15:36:09 data_sa.py[line:359] INFO for the strategy:R
Tue, 14 Feb 2017 15:36:09 data_sa.py[line:360] INFO KN:27	4.12300109863
Tue, 14 Feb 2017 15:36:09 data_sa.py[line:364] INFO 
             precision    recall  f1-score   support

          1       1.00      0.99      0.99       494
          2       1.00      0.37      0.54      1389
          3       0.41      0.77      0.54       141
          4       0.34      0.96      0.50       114
          5       0.00      0.00      0.00        60
          6       0.37      0.89      0.52       142

avg / total       0.87      0.57      0.62      2340

Tue, 14 Feb 2017 15:36:13 data_sa.py[line:359] INFO for the strategy:C
Tue, 14 Feb 2017 15:36:13 data_sa.py[line:360] INFO KN:30	0.159058094025
Tue, 14 Feb 2017 15:36:13 data_sa.py[line:364] INFO 
             precision    recall  f1-score   support

          1       0.99      0.99      0.99       494
          2       1.00      0.44      0.61      1389
          3       0.43      0.99      0.60       141
          4       0.75      0.96      0.84       114
          5       0.00      0.00      0.00        60
          6       0.35      0.89      0.51       142

avg / total       0.89      0.63      0.68      2340

Tue, 14 Feb 2017 15:36:19 data_sa.py[line:359] INFO for the strategy:R
Tue, 14 Feb 2017 15:36:19 data_sa.py[line:360] INFO KN:30	4.35228610039
Tue, 14 Feb 2017 15:36:19 data_sa.py[line:364] INFO 
             precision    recall  f1-score   support

          1       1.00      0.99      0.99       494
          2       1.00      0.38      0.55      1389
          3       0.43      0.87      0.58       141
          4       0.38      0.96      0.55       114
          5       0.00      0.00      0.00        60
          6       0.36      0.89      0.51       142

avg / total       0.87      0.59      0.63      2340

Tue, 14 Feb 2017 15:36:22 data_sa.py[line:359] INFO for the strategy:C
Tue, 14 Feb 2017 15:36:22 data_sa.py[line:360] INFO KN:32	0.162402868271
Tue, 14 Feb 2017 15:36:22 data_sa.py[line:364] INFO 
             precision    recall  f1-score   support

          1       0.99      0.99      0.99       494
          2       1.00      0.44      0.61      1389
          3       0.43      0.98      0.60       141
          4       0.74      0.96      0.84       114
          5       0.00      0.00      0.00        60
          6       0.36      0.89      0.51       142

avg / total       0.89      0.63      0.68      2340

Tue, 14 Feb 2017 15:36:28 data_sa.py[line:359] INFO for the strategy:R
Tue, 14 Feb 2017 15:36:28 data_sa.py[line:360] INFO KN:32	4.29239416122
Tue, 14 Feb 2017 15:36:28 data_sa.py[line:364] INFO 
             precision    recall  f1-score   support

          1       0.99      0.99      0.99       494
          2       1.00      0.38      0.55      1389
          3       0.44      0.86      0.58       141
          4       0.37      0.97      0.54       114
          5       0.00      0.00      0.00        60
          6       0.36      0.89      0.51       142

avg / total       0.87      0.59      0.63      2340

Tue, 14 Feb 2017 15:36:32 data_sa.py[line:359] INFO for the strategy:C
Tue, 14 Feb 2017 15:36:32 data_sa.py[line:360] INFO KN:19	0.158257961273
Tue, 14 Feb 2017 15:36:32 data_sa.py[line:364] INFO 
             precision    recall  f1-score   support

          1       0.99      0.99      0.99       494
          2       1.00      0.43      0.61      1389
          3       0.43      0.99      0.60       141
          4       0.74      0.96      0.84       114
          5       0.00      0.00      0.00        60
          6       0.34      0.87      0.49       142

avg / total       0.89      0.63      0.68      2340

Tue, 14 Feb 2017 15:36:38 data_sa.py[line:359] INFO for the strategy:R
Tue, 14 Feb 2017 15:36:38 data_sa.py[line:360] INFO KN:19	4.162307024
Tue, 14 Feb 2017 15:36:38 data_sa.py[line:364] INFO 
             precision    recall  f1-score   support

          1       0.99      0.99      0.99       494
          2       1.00      0.38      0.55      1389
          3       0.42      0.82      0.56       141
          4       0.37      0.96      0.54       114
          5       0.00      0.00      0.00        60
          6       0.36      0.89      0.51       142

avg / total       0.87      0.58      0.63      2340

Tue, 14 Feb 2017 15:36:42 data_sa.py[line:359] INFO for the strategy:C
Tue, 14 Feb 2017 15:36:42 data_sa.py[line:360] INFO KN:26	0.162704944611
Tue, 14 Feb 2017 15:36:42 data_sa.py[line:364] INFO 
             precision    recall  f1-score   support

          1       0.99      0.99      0.99       494
          2       1.00      0.44      0.61      1389
          3       0.44      0.99      0.61       141
          4       0.75      0.96      0.85       114
          5       0.00      0.00      0.00        60
          6       0.36      0.89      0.51       142

avg / total       0.89      0.63      0.68      2340

Tue, 14 Feb 2017 15:36:48 data_sa.py[line:359] INFO for the strategy:R
Tue, 14 Feb 2017 15:36:48 data_sa.py[line:360] INFO KN:26	4.28777003288
Tue, 14 Feb 2017 15:36:48 data_sa.py[line:364] INFO 
             precision    recall  f1-score   support

          1       0.99      0.99      0.99       494
          2       1.00      0.38      0.55      1389
          3       0.42      0.79      0.55       141
          4       0.37      0.96      0.54       114
          5       0.00      0.00      0.00        60
          6       0.36      0.89      0.51       142

avg / total       0.87      0.59      0.63      2340

Tue, 14 Feb 2017 15:36:51 data_sa.py[line:359] INFO for the strategy:C
Tue, 14 Feb 2017 15:36:51 data_sa.py[line:360] INFO KN:16	0.162172079086
Tue, 14 Feb 2017 15:36:51 data_sa.py[line:364] INFO 
             precision    recall  f1-score   support

          1       0.95      0.99      0.97       494
          2       1.00      0.42      0.59      1389
          3       0.44      0.98      0.60       141
          4       0.74      0.96      0.84       114
          5       0.00      0.00      0.00        60
          6       0.35      0.89      0.50       142

avg / total       0.88      0.62      0.66      2340

Tue, 14 Feb 2017 15:36:57 data_sa.py[line:359] INFO for the strategy:R
Tue, 14 Feb 2017 15:36:57 data_sa.py[line:360] INFO KN:16	4.33670496941
Tue, 14 Feb 2017 15:36:57 data_sa.py[line:364] INFO 
             precision    recall  f1-score   support

          1       0.99      0.99      0.99       494
          2       1.00      0.37      0.54      1389
          3       0.43      0.79      0.55       141
          4       0.35      0.96      0.51       114
          5       0.00      0.00      0.00        60
          6       0.36      0.89      0.51       142

avg / total       0.87      0.58      0.62      2340

Tue, 14 Feb 2017 15:37:01 data_sa.py[line:359] INFO for the strategy:C
Tue, 14 Feb 2017 15:37:01 data_sa.py[line:360] INFO KN:28	0.158581972122
Tue, 14 Feb 2017 15:37:01 data_sa.py[line:364] INFO 
             precision    recall  f1-score   support

          1       0.99      0.99      0.99       494
          2       1.00      0.45      0.62      1389
          3       0.43      0.98      0.60       141
          4       0.74      0.96      0.84       114
          5       0.00      0.00      0.00        60
          6       0.35      0.89      0.51       142

avg / total       0.89      0.63      0.68      2340

Tue, 14 Feb 2017 15:37:07 data_sa.py[line:359] INFO for the strategy:R
Tue, 14 Feb 2017 15:37:07 data_sa.py[line:360] INFO KN:28	4.19577407837
Tue, 14 Feb 2017 15:37:07 data_sa.py[line:364] INFO 
             precision    recall  f1-score   support

          1       0.99      0.99      0.99       494
          2       1.00      0.38      0.55      1389
          3       0.43      0.83      0.57       141
          4       0.37      0.96      0.54       114
          5       0.00      0.00      0.00        60
          6       0.36      0.89      0.51       142

avg / total       0.87      0.59      0.63      2340

