Tue, 14 Feb 2017 15:55:08 data_sa.py[line:359] INFO for the strategy:C
Tue, 14 Feb 2017 15:55:08 data_sa.py[line:360] INFO KN:26	0.16419005394
Tue, 14 Feb 2017 15:55:08 data_sa.py[line:364] INFO 
             precision    recall  f1-score   support

          1       0.93      0.92      0.93       789
          2       0.79      0.88      0.84       766
          3       0.95      0.78      0.86       736
          4       0.77      0.89      0.83       805
          5       0.83      0.86      0.84       768
          6       0.85      0.87      0.86       775
          7       0.79      0.80      0.79       773
          8       0.77      0.69      0.73       734
          9       0.96      0.84      0.90       755
         10       0.97      0.84      0.90       747
         11       0.80      0.84      0.82       739
         12       0.98      0.88      0.92       761
         13       0.91      0.93      0.92       792
         14       0.94      0.91      0.93       783
         15       0.79      0.85      0.82       753
         16       0.94      0.82      0.88       803
         17       0.88      0.84      0.86       783
         18       0.71      0.87      0.78       758
         19       0.70      0.84      0.76       748
         20       0.92      0.86      0.89       796
         21       0.93      0.91      0.92       813
         22       0.93      0.91      0.92       764
         23       0.86      0.93      0.90       752
         24       0.89      0.91      0.90       787
         25       0.92      0.89      0.91       786
         26       0.88      0.88      0.88       734

avg / total       0.87      0.86      0.86     20000

Tue, 14 Feb 2017 15:57:25 data_sa.py[line:359] INFO for the strategy:R
Tue, 14 Feb 2017 15:57:25 data_sa.py[line:360] INFO KN:26	121.915668964
Tue, 14 Feb 2017 15:57:25 data_sa.py[line:364] INFO 
             precision    recall  f1-score   support

          1       0.89      0.96      0.92       789
          2       0.86      0.90      0.88       766
          3       0.96      0.85      0.91       736
          4       0.85      0.92      0.88       805
          5       0.89      0.89      0.89       768
          6       0.88      0.91      0.90       775
          7       0.84      0.88      0.86       773
          8       0.85      0.77      0.81       734
          9       0.96      0.88      0.92       755
         10       0.96      0.91      0.93       747
         11       0.87      0.87      0.87       739
         12       0.98      0.90      0.94       761
         13       0.95      0.95      0.95       792
         14       0.95      0.93      0.94       783
         15       0.88      0.91      0.89       753
         16       0.96      0.87      0.91       803
         17       0.92      0.93      0.92       783
         18       0.78      0.92      0.84       758
         19       0.84      0.90      0.87       748
         20       0.97      0.91      0.94       796
         21       0.95      0.95      0.95       813
         22       0.97      0.93      0.95       764
         23       0.93      0.96      0.94       752
         24       0.92      0.93      0.92       787
         25       0.96      0.96      0.96       786
         26       0.93      0.92      0.93       734

avg / total       0.91      0.91      0.91     20000

Tue, 14 Feb 2017 15:58:24 data_sa.py[line:359] INFO for the strategy:C
Tue, 14 Feb 2017 15:58:24 data_sa.py[line:360] INFO KN:33	0.166678905487
Tue, 14 Feb 2017 15:58:24 data_sa.py[line:364] INFO 
             precision    recall  f1-score   support

          1       0.98      0.97      0.98       789
          2       0.88      0.90      0.89       766
          3       0.97      0.88      0.92       736
          4       0.88      0.93      0.91       805
          5       0.90      0.90      0.90       768
          6       0.89      0.93      0.91       775
          7       0.87      0.91      0.89       773
          8       0.86      0.82      0.84       734
          9       0.96      0.91      0.94       755
         10       0.96      0.92      0.94       747
         11       0.91      0.90      0.91       739
         12       0.98      0.91      0.94       761
         13       0.96      0.96      0.96       792
         14       0.96      0.95      0.95       783
         15       0.90      0.93      0.91       753
         16       0.97      0.90      0.93       803
         17       0.94      0.95      0.94       783
         18       0.80      0.92      0.86       758
         19       0.90      0.93      0.91       748
         20       0.98      0.93      0.95       796
         21       0.97      0.97      0.97       813
         22       0.97      0.94      0.95       764
         23       0.94      0.97      0.95       752
         24       0.93      0.94      0.94       787
         25       0.97      0.97      0.97       786
         26       0.94      0.95      0.94       734

avg / total       0.93      0.93      0.93     20000

Tue, 14 Feb 2017 16:00:42 data_sa.py[line:359] INFO for the strategy:R
Tue, 14 Feb 2017 16:00:42 data_sa.py[line:360] INFO KN:33	122.669534922
Tue, 14 Feb 2017 16:00:42 data_sa.py[line:364] INFO 
             precision    recall  f1-score   support

          1       0.88      0.96      0.92       789
          2       0.86      0.90      0.88       766
          3       0.96      0.85      0.91       736
          4       0.85      0.92      0.88       805
          5       0.89      0.89      0.89       768
          6       0.88      0.91      0.90       775
          7       0.84      0.88      0.86       773
          8       0.85      0.77      0.81       734
          9       0.96      0.89      0.92       755
         10       0.96      0.91      0.93       747
         11       0.87      0.87      0.87       739
         12       0.98      0.90      0.94       761
         13       0.95      0.95      0.95       792
         14       0.95      0.93      0.94       783
         15       0.87      0.91      0.89       753
         16       0.96      0.87      0.91       803
         17       0.92      0.93      0.93       783
         18       0.78      0.92      0.84       758
         19       0.85      0.90      0.87       748
         20       0.97      0.91      0.94       796
         21       0.95      0.95      0.95       813
         22       0.97      0.93      0.95       764
         23       0.93      0.96      0.94       752
         24       0.92      0.92      0.92       787
         25       0.96      0.96      0.96       786
         26       0.93      0.92      0.93       734

avg / total       0.91      0.91      0.91     20000

Tue, 14 Feb 2017 16:01:41 data_sa.py[line:359] INFO for the strategy:C
Tue, 14 Feb 2017 16:01:41 data_sa.py[line:360] INFO KN:34	0.162148952484
Tue, 14 Feb 2017 16:01:41 data_sa.py[line:364] INFO 
             precision    recall  f1-score   support

          1       0.93      0.92      0.93       789
          2       0.79      0.88      0.84       766
          3       0.95      0.78      0.86       736
          4       0.77      0.89      0.83       805
          5       0.83      0.86      0.84       768
          6       0.85      0.87      0.86       775
          7       0.79      0.80      0.79       773
          8       0.77      0.69      0.73       734
          9       0.96      0.84      0.90       755
         10       0.97      0.84      0.90       747
         11       0.80      0.84      0.82       739
         12       0.98      0.88      0.92       761
         13       0.91      0.93      0.92       792
         14       0.94      0.91      0.93       783
         15       0.79      0.85      0.82       753
         16       0.94      0.82      0.88       803
         17       0.88      0.84      0.86       783
         18       0.71      0.87      0.78       758
         19       0.70      0.84      0.76       748
         20       0.92      0.86      0.89       796
         21       0.93      0.91      0.92       813
         22       0.93      0.91      0.92       764
         23       0.86      0.93      0.90       752
         24       0.89      0.91      0.90       787
         25       0.92      0.89      0.91       786
         26       0.88      0.88      0.88       734

avg / total       0.87      0.86      0.86     20000

Tue, 14 Feb 2017 16:03:59 data_sa.py[line:359] INFO for the strategy:R
Tue, 14 Feb 2017 16:03:59 data_sa.py[line:360] INFO KN:34	122.802823067
Tue, 14 Feb 2017 16:03:59 data_sa.py[line:364] INFO 
             precision    recall  f1-score   support

          1       0.89      0.96      0.93       789
          2       0.86      0.90      0.88       766
          3       0.96      0.85      0.91       736
          4       0.85      0.92      0.88       805
          5       0.89      0.88      0.89       768
          6       0.88      0.92      0.90       775
          7       0.84      0.88      0.86       773
          8       0.85      0.77      0.81       734
          9       0.96      0.89      0.92       755
         10       0.96      0.91      0.93       747
         11       0.87      0.88      0.88       739
         12       0.98      0.90      0.94       761
         13       0.95      0.95      0.95       792
         14       0.95      0.93      0.94       783
         15       0.87      0.91      0.89       753
         16       0.96      0.87      0.91       803
         17       0.92      0.93      0.93       783
         18       0.78      0.92      0.84       758
         19       0.84      0.90      0.87       748
         20       0.97      0.91      0.94       796
         21       0.95      0.95      0.95       813
         22       0.97      0.93      0.95       764
         23       0.93      0.95      0.94       752
         24       0.92      0.93      0.92       787
         25       0.96      0.96      0.96       786
         26       0.93      0.93      0.93       734

avg / total       0.91      0.91      0.91     20000

Tue, 14 Feb 2017 16:04:58 data_sa.py[line:359] INFO for the strategy:C
Tue, 14 Feb 2017 16:04:58 data_sa.py[line:360] INFO KN:37	0.168865919113
Tue, 14 Feb 2017 16:04:58 data_sa.py[line:364] INFO 
             precision    recall  f1-score   support

          1       0.97      0.96      0.97       789
          2       0.86      0.90      0.88       766
          3       0.97      0.87      0.91       736
          4       0.85      0.92      0.89       805
          5       0.89      0.89      0.89       768
          6       0.88      0.92      0.90       775
          7       0.85      0.88      0.86       773
          8       0.85      0.78      0.81       734
          9       0.96      0.89      0.92       755
         10       0.96      0.91      0.93       747
         11       0.88      0.88      0.88       739
         12       0.98      0.90      0.94       761
         13       0.95      0.95      0.95       792
         14       0.95      0.93      0.94       783
         15       0.88      0.92      0.90       753
         16       0.96      0.88      0.92       803
         17       0.93      0.94      0.93       783
         18       0.78      0.93      0.85       758
         19       0.85      0.92      0.88       748
         20       0.97      0.92      0.94       796
         21       0.96      0.96      0.96       813
         22       0.97      0.93      0.95       764
         23       0.93      0.96      0.94       752
         24       0.92      0.93      0.93       787
         25       0.96      0.96      0.96       786
         26       0.93      0.93      0.93       734

avg / total       0.92      0.91      0.91     20000

Tue, 14 Feb 2017 16:07:16 data_sa.py[line:359] INFO for the strategy:R
Tue, 14 Feb 2017 16:07:16 data_sa.py[line:360] INFO KN:37	123.374986887
Tue, 14 Feb 2017 16:07:16 data_sa.py[line:364] INFO 
             precision    recall  f1-score   support

          1       0.90      0.96      0.93       789
          2       0.86      0.90      0.88       766
          3       0.96      0.86      0.91       736
          4       0.85      0.92      0.88       805
          5       0.89      0.89      0.89       768
          6       0.89      0.92      0.90       775
          7       0.84      0.87      0.86       773
          8       0.85      0.77      0.81       734
          9       0.96      0.89      0.92       755
         10       0.96      0.91      0.93       747
         11       0.87      0.87      0.87       739
         12       0.98      0.90      0.94       761
         13       0.95      0.95      0.95       792
         14       0.95      0.93      0.94       783
         15       0.88      0.91      0.89       753
         16       0.96      0.87      0.91       803
         17       0.92      0.93      0.93       783
         18       0.78      0.92      0.84       758
         19       0.84      0.90      0.87       748
         20       0.97      0.91      0.94       796
         21       0.95      0.95      0.95       813
         22       0.97      0.93      0.95       764
         23       0.93      0.96      0.94       752
         24       0.92      0.93      0.92       787
         25       0.96      0.96      0.96       786
         26       0.93      0.93      0.93       734

avg / total       0.91      0.91      0.91     20000

Tue, 14 Feb 2017 16:08:16 data_sa.py[line:359] INFO for the strategy:C
Tue, 14 Feb 2017 16:08:16 data_sa.py[line:360] INFO KN:1	0.170517921448
Tue, 14 Feb 2017 16:08:16 data_sa.py[line:364] INFO 
             precision    recall  f1-score   support

          1       0.95      0.94      0.95       789
          2       0.83      0.89      0.86       766
          3       0.96      0.82      0.89       736
          4       0.83      0.90      0.86       805
          5       0.87      0.88      0.87       768
          6       0.87      0.91      0.89       775
          7       0.82      0.85      0.84       773
          8       0.83      0.74      0.78       734
          9       0.96      0.87      0.91       755
         10       0.95      0.89      0.92       747
         11       0.84      0.85      0.85       739
         12       0.98      0.89      0.93       761
         13       0.93      0.94      0.94       792
         14       0.95      0.93      0.94       783
         15       0.84      0.87      0.85       753
         16       0.95      0.85      0.90       803
         17       0.90      0.90      0.90       783
         18       0.75      0.91      0.82       758
         19       0.78      0.86      0.82       748
         20       0.95      0.89      0.92       796
         21       0.94      0.94      0.94       813
         22       0.96      0.91      0.93       764
         23       0.90      0.95      0.92       752
         24       0.90      0.92      0.91       787
         25       0.94      0.95      0.94       786
         26       0.91      0.91      0.91       734

avg / total       0.90      0.89      0.89     20000

Tue, 14 Feb 2017 16:10:32 data_sa.py[line:359] INFO for the strategy:R
Tue, 14 Feb 2017 16:10:32 data_sa.py[line:360] INFO KN:1	120.750219822
Tue, 14 Feb 2017 16:10:32 data_sa.py[line:364] INFO 
             precision    recall  f1-score   support

          1       0.88      0.96      0.92       789
          2       0.86      0.90      0.88       766
          3       0.96      0.85      0.91       736
          4       0.85      0.92      0.88       805
          5       0.89      0.89      0.89       768
          6       0.88      0.91      0.90       775
          7       0.85      0.88      0.86       773
          8       0.85      0.78      0.81       734
          9       0.96      0.89      0.92       755
         10       0.96      0.91      0.93       747
         11       0.87      0.88      0.87       739
         12       0.98      0.90      0.94       761
         13       0.95      0.95      0.95       792
         14       0.95      0.93      0.94       783
         15       0.87      0.91      0.89       753
         16       0.96      0.87      0.91       803
         17       0.93      0.94      0.93       783
         18       0.78      0.92      0.84       758
         19       0.84      0.90      0.87       748
         20       0.97      0.91      0.94       796
         21       0.95      0.95      0.95       813
         22       0.97      0.93      0.95       764
         23       0.93      0.96      0.94       752
         24       0.92      0.93      0.92       787
         25       0.96      0.96      0.96       786
         26       0.93      0.93      0.93       734

avg / total       0.91      0.91      0.91     20000

Tue, 14 Feb 2017 16:11:31 data_sa.py[line:359] INFO for the strategy:C
Tue, 14 Feb 2017 16:11:31 data_sa.py[line:360] INFO KN:7	0.168258190155
Tue, 14 Feb 2017 16:11:31 data_sa.py[line:364] INFO 
             precision    recall  f1-score   support

          1       0.97      0.96      0.97       789
          2       0.86      0.90      0.88       766
          3       0.97      0.87      0.91       736
          4       0.85      0.92      0.89       805
          5       0.89      0.89      0.89       768
          6       0.88      0.92      0.90       775
          7       0.85      0.88      0.86       773
          8       0.85      0.78      0.81       734
          9       0.96      0.89      0.92       755
         10       0.96      0.91      0.93       747
         11       0.88      0.88      0.88       739
         12       0.98      0.90      0.94       761
         13       0.95      0.95      0.95       792
         14       0.95      0.93      0.94       783
         15       0.88      0.92      0.90       753
         16       0.96      0.88      0.92       803
         17       0.93      0.94      0.93       783
         18       0.78      0.93      0.85       758
         19       0.85      0.92      0.88       748
         20       0.97      0.92      0.94       796
         21       0.96      0.96      0.96       813
         22       0.97      0.93      0.95       764
         23       0.93      0.96      0.94       752
         24       0.92      0.93      0.93       787
         25       0.96      0.96      0.96       786
         26       0.93      0.93      0.93       734

avg / total       0.92      0.91      0.91     20000

Tue, 14 Feb 2017 16:13:48 data_sa.py[line:359] INFO for the strategy:R
Tue, 14 Feb 2017 16:13:48 data_sa.py[line:360] INFO KN:7	122.39844203
Tue, 14 Feb 2017 16:13:48 data_sa.py[line:364] INFO 
             precision    recall  f1-score   support

          1       0.89      0.96      0.92       789
          2       0.86      0.90      0.88       766
          3       0.96      0.85      0.91       736
          4       0.85      0.92      0.88       805
          5       0.89      0.88      0.88       768
          6       0.88      0.91      0.90       775
          7       0.84      0.88      0.86       773
          8       0.85      0.78      0.81       734
          9       0.97      0.89      0.92       755
         10       0.96      0.91      0.93       747
         11       0.87      0.88      0.87       739
         12       0.98      0.90      0.94       761
         13       0.95      0.95      0.95       792
         14       0.95      0.93      0.94       783
         15       0.88      0.90      0.89       753
         16       0.96      0.87      0.91       803
         17       0.92      0.93      0.93       783
         18       0.78      0.92      0.84       758
         19       0.84      0.90      0.87       748
         20       0.97      0.91      0.93       796
         21       0.95      0.95      0.95       813
         22       0.97      0.93      0.95       764
         23       0.93      0.96      0.94       752
         24       0.92      0.93      0.92       787
         25       0.96      0.96      0.96       786
         26       0.93      0.92      0.93       734

avg / total       0.91      0.91      0.91     20000

Tue, 14 Feb 2017 16:14:03 data_sa.py[line:359] INFO for the strategy:C
Tue, 14 Feb 2017 16:14:03 data_sa.py[line:360] INFO KN:7	0.165625810623
Tue, 14 Feb 2017 16:14:03 data_sa.py[line:364] INFO 
             precision    recall  f1-score   support

          1       0.97      0.96      0.97       789
          2       0.86      0.90      0.88       766
          3       0.97      0.87      0.91       736
          4       0.85      0.92      0.89       805
          5       0.89      0.89      0.89       768
          6       0.88      0.92      0.90       775
          7       0.85      0.88      0.86       773
          8       0.85      0.78      0.81       734
          9       0.96      0.89      0.92       755
         10       0.96      0.91      0.93       747
         11       0.88      0.88      0.88       739
         12       0.98      0.90      0.94       761
         13       0.95      0.95      0.95       792
         14       0.95      0.93      0.94       783
         15       0.88      0.92      0.90       753
         16       0.96      0.88      0.92       803
         17       0.93      0.94      0.93       783
         18       0.78      0.93      0.85       758
         19       0.85      0.92      0.88       748
         20       0.97      0.92      0.94       796
         21       0.96      0.96      0.96       813
         22       0.97      0.93      0.95       764
         23       0.93      0.96      0.94       752
         24       0.92      0.93      0.93       787
         25       0.96      0.96      0.96       786
         26       0.93      0.93      0.93       734

avg / total       0.92      0.91      0.91     20000

Tue, 14 Feb 2017 16:14:48 data_sa.py[line:359] INFO for the strategy:C
Tue, 14 Feb 2017 16:14:48 data_sa.py[line:360] INFO KN:50	0.164829969406
Tue, 14 Feb 2017 16:14:48 data_sa.py[line:364] INFO 
             precision    recall  f1-score   support

          1       0.95      0.94      0.95       789
          2       0.83      0.89      0.86       766
          3       0.96      0.82      0.89       736
          4       0.83      0.90      0.86       805
          5       0.87      0.88      0.87       768
          6       0.87      0.91      0.89       775
          7       0.82      0.85      0.84       773
          8       0.83      0.74      0.78       734
          9       0.96      0.87      0.91       755
         10       0.95      0.89      0.92       747
         11       0.84      0.85      0.85       739
         12       0.98      0.89      0.93       761
         13       0.93      0.94      0.94       792
         14       0.95      0.93      0.94       783
         15       0.84      0.87      0.85       753
         16       0.95      0.85      0.90       803
         17       0.90      0.90      0.90       783
         18       0.75      0.91      0.82       758
         19       0.78      0.86      0.82       748
         20       0.95      0.89      0.92       796
         21       0.94      0.94      0.94       813
         22       0.96      0.91      0.93       764
         23       0.90      0.95      0.92       752
         24       0.90      0.92      0.91       787
         25       0.94      0.95      0.94       786
         26       0.91      0.91      0.91       734

avg / total       0.90      0.89      0.89     20000

Tue, 14 Feb 2017 16:17:04 data_sa.py[line:359] INFO for the strategy:R
Tue, 14 Feb 2017 16:17:04 data_sa.py[line:360] INFO KN:50	121.249258995
Tue, 14 Feb 2017 16:17:04 data_sa.py[line:364] INFO 
             precision    recall  f1-score   support

          1       0.89      0.96      0.92       789
          2       0.86      0.89      0.87       766
          3       0.96      0.85      0.91       736
          4       0.85      0.92      0.88       805
          5       0.89      0.89      0.89       768
          6       0.88      0.92      0.90       775
          7       0.84      0.88      0.86       773
          8       0.86      0.77      0.81       734
          9       0.96      0.89      0.92       755
         10       0.96      0.91      0.93       747
         11       0.87      0.87      0.87       739
         12       0.98      0.90      0.94       761
         13       0.95      0.95      0.95       792
         14       0.95      0.93      0.94       783
         15       0.87      0.91      0.89       753
         16       0.96      0.87      0.91       803
         17       0.92      0.93      0.92       783
         18       0.78      0.92      0.84       758
         19       0.84      0.91      0.87       748
         20       0.97      0.91      0.94       796
         21       0.95      0.95      0.95       813
         22       0.97      0.93      0.95       764
         23       0.93      0.96      0.94       752
         24       0.92      0.93      0.92       787
         25       0.96      0.96      0.96       786
         26       0.93      0.92      0.92       734

avg / total       0.91      0.91      0.91     20000

Tue, 14 Feb 2017 16:18:03 data_sa.py[line:359] INFO for the strategy:C
Tue, 14 Feb 2017 16:18:03 data_sa.py[line:360] INFO KN:28	0.166528940201
Tue, 14 Feb 2017 16:18:03 data_sa.py[line:364] INFO 
             precision    recall  f1-score   support

          1       0.97      0.96      0.97       789
          2       0.86      0.90      0.88       766
          3       0.97      0.87      0.91       736
          4       0.86      0.92      0.89       805
          5       0.89      0.89      0.89       768
          6       0.88      0.92      0.90       775
          7       0.84      0.89      0.87       773
          8       0.85      0.79      0.82       734
          9       0.96      0.89      0.93       755
         10       0.96      0.91      0.93       747
         11       0.88      0.88      0.88       739
         12       0.98      0.90      0.94       761
         13       0.95      0.96      0.95       792
         14       0.95      0.94      0.95       783
         15       0.89      0.92      0.90       753
         16       0.96      0.88      0.92       803
         17       0.93      0.94      0.94       783
         18       0.78      0.92      0.85       758
         19       0.86      0.92      0.89       748
         20       0.97      0.92      0.94       796
         21       0.96      0.96      0.96       813
         22       0.97      0.93      0.95       764
         23       0.93      0.96      0.95       752
         24       0.92      0.93      0.93       787
         25       0.96      0.96      0.96       786
         26       0.93      0.93      0.93       734

avg / total       0.92      0.92      0.92     20000

Tue, 14 Feb 2017 16:20:19 data_sa.py[line:359] INFO for the strategy:R
Tue, 14 Feb 2017 16:20:19 data_sa.py[line:360] INFO KN:28	121.195445061
Tue, 14 Feb 2017 16:20:19 data_sa.py[line:364] INFO 
             precision    recall  f1-score   support

          1       0.89      0.96      0.92       789
          2       0.86      0.90      0.88       766
          3       0.96      0.86      0.91       736
          4       0.85      0.92      0.88       805
          5       0.89      0.88      0.89       768
          6       0.89      0.91      0.90       775
          7       0.84      0.88      0.86       773
          8       0.85      0.77      0.81       734
          9       0.96      0.89      0.92       755
         10       0.95      0.91      0.93       747
         11       0.87      0.87      0.87       739
         12       0.98      0.90      0.94       761
         13       0.95      0.95      0.95       792
         14       0.95      0.93      0.94       783
         15       0.87      0.91      0.89       753
         16       0.96      0.87      0.91       803
         17       0.92      0.93      0.93       783
         18       0.78      0.92      0.84       758
         19       0.84      0.91      0.87       748
         20       0.97      0.91      0.93       796
         21       0.95      0.95      0.95       813
         22       0.97      0.93      0.95       764
         23       0.93      0.96      0.94       752
         24       0.92      0.93      0.92       787
         25       0.96      0.96      0.96       786
         26       0.93      0.93      0.93       734

avg / total       0.91      0.91      0.91     20000

Tue, 14 Feb 2017 16:21:19 data_sa.py[line:359] INFO for the strategy:C
Tue, 14 Feb 2017 16:21:19 data_sa.py[line:360] INFO KN:16	0.163255214691
Tue, 14 Feb 2017 16:21:19 data_sa.py[line:364] INFO 
             precision    recall  f1-score   support

          1       0.98      0.97      0.98       789
          2       0.88      0.90      0.89       766
          3       0.97      0.88      0.92       736
          4       0.88      0.93      0.91       805
          5       0.90      0.90      0.90       768
          6       0.89      0.93      0.91       775
          7       0.87      0.91      0.89       773
          8       0.86      0.82      0.84       734
          9       0.96      0.91      0.94       755
         10       0.96      0.92      0.94       747
         11       0.91      0.90      0.91       739
         12       0.98      0.91      0.94       761
         13       0.96      0.96      0.96       792
         14       0.96      0.95      0.95       783
         15       0.90      0.93      0.91       753
         16       0.97      0.90      0.93       803
         17       0.94      0.95      0.94       783
         18       0.80      0.92      0.86       758
         19       0.90      0.93      0.91       748
         20       0.98      0.93      0.95       796
         21       0.97      0.97      0.97       813
         22       0.97      0.94      0.95       764
         23       0.94      0.97      0.95       752
         24       0.93      0.94      0.94       787
         25       0.97      0.97      0.97       786
         26       0.94      0.95      0.94       734

avg / total       0.93      0.93      0.93     20000

Tue, 14 Feb 2017 16:23:35 data_sa.py[line:359] INFO for the strategy:R
Tue, 14 Feb 2017 16:23:35 data_sa.py[line:360] INFO KN:16	120.569866896
Tue, 14 Feb 2017 16:23:35 data_sa.py[line:364] INFO 
             precision    recall  f1-score   support

          1       0.87      0.96      0.91       789
          2       0.86      0.90      0.88       766
          3       0.96      0.85      0.91       736
          4       0.85      0.92      0.88       805
          5       0.89      0.89      0.89       768
          6       0.89      0.91      0.90       775
          7       0.84      0.88      0.86       773
          8       0.85      0.78      0.81       734
          9       0.96      0.88      0.92       755
         10       0.96      0.91      0.93       747
         11       0.87      0.87      0.87       739
         12       0.98      0.90      0.94       761
         13       0.95      0.95      0.95       792
         14       0.95      0.93      0.94       783
         15       0.88      0.91      0.89       753
         16       0.96      0.87      0.91       803
         17       0.92      0.93      0.93       783
         18       0.78      0.92      0.84       758
         19       0.84      0.90      0.87       748
         20       0.97      0.90      0.93       796
         21       0.95      0.95      0.95       813
         22       0.97      0.93      0.95       764
         23       0.93      0.95      0.94       752
         24       0.92      0.93      0.92       787
         25       0.96      0.96      0.96       786
         26       0.93      0.92      0.92       734

avg / total       0.91      0.91      0.91     20000

Tue, 14 Feb 2017 16:24:34 data_sa.py[line:359] INFO for the strategy:C
Tue, 14 Feb 2017 16:24:34 data_sa.py[line:360] INFO KN:41	0.170333862305
Tue, 14 Feb 2017 16:24:34 data_sa.py[line:364] INFO 
             precision    recall  f1-score   support

          1       0.97      0.96      0.97       789
          2       0.86      0.89      0.88       766
          3       0.97      0.87      0.91       736
          4       0.85      0.92      0.88       805
          5       0.88      0.89      0.88       768
          6       0.88      0.92      0.90       775
          7       0.84      0.88      0.86       773
          8       0.85      0.78      0.81       734
          9       0.96      0.89      0.92       755
         10       0.95      0.91      0.93       747
         11       0.87      0.88      0.88       739
         12       0.98      0.90      0.94       761
         13       0.95      0.95      0.95       792
         14       0.95      0.93      0.94       783
         15       0.88      0.91      0.89       753
         16       0.96      0.87      0.91       803
         17       0.93      0.94      0.93       783
         18       0.77      0.93      0.84       758
         19       0.84      0.91      0.87       748
         20       0.97      0.91      0.94       796
         21       0.96      0.95      0.96       813
         22       0.96      0.93      0.94       764
         23       0.93      0.96      0.94       752
         24       0.92      0.93      0.92       787
         25       0.96      0.96      0.96       786
         26       0.93      0.93      0.93       734

avg / total       0.91      0.91      0.91     20000

Tue, 14 Feb 2017 16:26:52 data_sa.py[line:359] INFO for the strategy:R
Tue, 14 Feb 2017 16:26:52 data_sa.py[line:360] INFO KN:41	123.359143019
Tue, 14 Feb 2017 16:26:52 data_sa.py[line:364] INFO 
             precision    recall  f1-score   support

          1       0.89      0.96      0.93       789
          2       0.86      0.90      0.88       766
          3       0.96      0.86      0.91       736
          4       0.85      0.92      0.88       805
          5       0.89      0.89      0.89       768
          6       0.89      0.91      0.90       775
          7       0.84      0.88      0.86       773
          8       0.85      0.77      0.81       734
          9       0.96      0.88      0.92       755
         10       0.96      0.91      0.93       747
         11       0.87      0.87      0.87       739
         12       0.98      0.90      0.94       761
         13       0.95      0.95      0.95       792
         14       0.95      0.93      0.94       783
         15       0.88      0.91      0.89       753
         16       0.96      0.87      0.91       803
         17       0.92      0.93      0.93       783
         18       0.78      0.92      0.84       758
         19       0.84      0.90      0.87       748
         20       0.97      0.90      0.93       796
         21       0.95      0.95      0.95       813
         22       0.97      0.93      0.95       764
         23       0.93      0.96      0.94       752
         24       0.92      0.92      0.92       787
         25       0.96      0.96      0.96       786
         26       0.93      0.93      0.93       734

avg / total       0.91      0.91      0.91     20000

