Tue, 14 Feb 2017 15:30:27 data_sa.py[line:359] INFO for the strategy:C
Tue, 14 Feb 2017 15:30:27 data_sa.py[line:360] INFO KN:9	0.166967868805
Tue, 14 Feb 2017 15:30:27 data_sa.py[line:364] INFO 
             precision    recall  f1-score   support

          1       0.86      0.87      0.87      1042
          2       0.52      0.84      0.64       642
          3       0.00      0.00      0.00       521
          4       0.78      0.77      0.77      1848
          5       0.96      0.53      0.68      1497
          6       0.75      0.95      0.84       729

avg / total       0.74      0.69      0.70      6279

Tue, 14 Feb 2017 15:30:44 data_sa.py[line:359] INFO for the strategy:R
Tue, 14 Feb 2017 15:30:44 data_sa.py[line:360] INFO KN:9	10.1331069469
Tue, 14 Feb 2017 15:30:44 data_sa.py[line:364] INFO 
             precision    recall  f1-score   support

          1       0.87      0.85      0.86      1042
          2       0.53      0.84      0.65       642
          3       0.03      0.05      0.04       521
          4       0.78      0.71      0.74      1848
          5       0.96      0.52      0.67      1497
          6       0.74      0.89      0.81       729

avg / total       0.75      0.67      0.68      6279

Tue, 14 Feb 2017 15:30:57 data_sa.py[line:359] INFO for the strategy:C
Tue, 14 Feb 2017 15:30:57 data_sa.py[line:360] INFO KN:13	0.166598796844
Tue, 14 Feb 2017 15:30:57 data_sa.py[line:364] INFO 
             precision    recall  f1-score   support

          1       0.86      0.87      0.86      1042
          2       0.52      0.84      0.64       642
          3       0.00      0.00      0.00       521
          4       0.78      0.77      0.77      1848
          5       0.96      0.53      0.68      1497
          6       0.75      0.95      0.84       729

avg / total       0.74      0.69      0.70      6279

Tue, 14 Feb 2017 15:31:15 data_sa.py[line:359] INFO for the strategy:R
Tue, 14 Feb 2017 15:31:15 data_sa.py[line:360] INFO KN:13	10.5068609715
Tue, 14 Feb 2017 15:31:15 data_sa.py[line:364] INFO 
             precision    recall  f1-score   support

          1       0.87      0.84      0.85      1042
          2       0.53      0.82      0.64       642
          3       0.02      0.04      0.03       521
          4       0.78      0.70      0.74      1848
          5       0.97      0.52      0.68      1497
          6       0.74      0.88      0.80       729

avg / total       0.75      0.66      0.68      6279

Tue, 14 Feb 2017 15:31:28 data_sa.py[line:359] INFO for the strategy:C
Tue, 14 Feb 2017 15:31:28 data_sa.py[line:360] INFO KN:49	0.158077955246
Tue, 14 Feb 2017 15:31:28 data_sa.py[line:364] INFO 
             precision    recall  f1-score   support

          1       0.88      0.87      0.87      1042
          2       0.52      0.84      0.64       642
          3       0.00      0.00      0.00       521
          4       0.78      0.77      0.77      1848
          5       0.96      0.53      0.68      1497
          6       0.73      0.95      0.83       729

avg / total       0.74      0.69      0.70      6279

Tue, 14 Feb 2017 15:31:44 data_sa.py[line:359] INFO for the strategy:R
Tue, 14 Feb 2017 15:31:44 data_sa.py[line:360] INFO KN:49	10.0391271114
Tue, 14 Feb 2017 15:31:44 data_sa.py[line:364] INFO 
             precision    recall  f1-score   support

          1       0.87      0.85      0.86      1042
          2       0.52      0.82      0.64       642
          3       0.03      0.05      0.04       521
          4       0.78      0.69      0.74      1848
          5       0.97      0.52      0.68      1497
          6       0.74      0.91      0.82       729

avg / total       0.75      0.66      0.68      6279

Tue, 14 Feb 2017 15:31:57 data_sa.py[line:359] INFO for the strategy:C
Tue, 14 Feb 2017 15:31:57 data_sa.py[line:360] INFO KN:49	0.156730890274
Tue, 14 Feb 2017 15:31:57 data_sa.py[line:364] INFO 
             precision    recall  f1-score   support

          1       0.88      0.87      0.87      1042
          2       0.52      0.84      0.64       642
          3       0.00      0.00      0.00       521
          4       0.78      0.77      0.77      1848
          5       0.96      0.53      0.68      1497
          6       0.73      0.95      0.83       729

avg / total       0.74      0.69      0.70      6279

Tue, 14 Feb 2017 15:32:14 data_sa.py[line:359] INFO for the strategy:R
Tue, 14 Feb 2017 15:32:14 data_sa.py[line:360] INFO KN:49	10.5688948631
Tue, 14 Feb 2017 15:32:14 data_sa.py[line:364] INFO 
             precision    recall  f1-score   support

          1       0.87      0.85      0.86      1042
          2       0.52      0.82      0.64       642
          3       0.03      0.05      0.04       521
          4       0.78      0.71      0.74      1848
          5       0.96      0.52      0.67      1497
          6       0.74      0.89      0.81       729

avg / total       0.74      0.66      0.68      6279

Tue, 14 Feb 2017 15:32:28 data_sa.py[line:359] INFO for the strategy:C
Tue, 14 Feb 2017 15:32:28 data_sa.py[line:360] INFO KN:8	0.160878896713
Tue, 14 Feb 2017 15:32:28 data_sa.py[line:364] INFO 
             precision    recall  f1-score   support

          1       0.86      0.87      0.86      1042
          2       0.52      0.84      0.64       642
          3       0.00      0.00      0.00       521
          4       0.78      0.77      0.77      1848
          5       0.96      0.53      0.68      1497
          6       0.75      0.95      0.84       729

avg / total       0.74      0.69      0.70      6279

Tue, 14 Feb 2017 15:32:44 data_sa.py[line:359] INFO for the strategy:R
Tue, 14 Feb 2017 15:32:44 data_sa.py[line:360] INFO KN:8	9.81604194641
Tue, 14 Feb 2017 15:32:44 data_sa.py[line:364] INFO 
             precision    recall  f1-score   support

          1       0.86      0.84      0.85      1042
          2       0.53      0.83      0.65       642
          3       0.03      0.05      0.04       521
          4       0.78      0.70      0.74      1848
          5       0.96      0.52      0.68      1497
          6       0.75      0.90      0.81       729

avg / total       0.75      0.66      0.68      6279

Tue, 14 Feb 2017 15:32:57 data_sa.py[line:359] INFO for the strategy:C
Tue, 14 Feb 2017 15:32:57 data_sa.py[line:360] INFO KN:1	0.16203212738
Tue, 14 Feb 2017 15:32:57 data_sa.py[line:364] INFO 
             precision    recall  f1-score   support

          1       0.86      0.87      0.87      1042
          2       0.52      0.84      0.64       642
          3       0.00      0.00      0.00       521
          4       0.78      0.77      0.77      1848
          5       0.96      0.53      0.68      1497
          6       0.75      0.95      0.84       729

avg / total       0.74      0.69      0.70      6279

Tue, 14 Feb 2017 15:33:13 data_sa.py[line:359] INFO for the strategy:R
Tue, 14 Feb 2017 15:33:13 data_sa.py[line:360] INFO KN:1	9.68506097794
Tue, 14 Feb 2017 15:33:13 data_sa.py[line:364] INFO 
             precision    recall  f1-score   support

          1       0.87      0.84      0.86      1042
          2       0.52      0.82      0.64       642
          3       0.02      0.04      0.03       521
          4       0.78      0.70      0.74      1848
          5       0.97      0.52      0.67      1497
          6       0.74      0.90      0.82       729

avg / total       0.75      0.66      0.68      6279

Tue, 14 Feb 2017 15:33:27 data_sa.py[line:359] INFO for the strategy:C
Tue, 14 Feb 2017 15:33:27 data_sa.py[line:360] INFO KN:7	0.164664030075
Tue, 14 Feb 2017 15:33:27 data_sa.py[line:364] INFO 
             precision    recall  f1-score   support

          1       0.86      0.87      0.87      1042
          2       0.52      0.84      0.64       642
          3       0.00      0.00      0.00       521
          4       0.78      0.77      0.77      1848
          5       0.96      0.53      0.68      1497
          6       0.75      0.95      0.84       729

avg / total       0.74      0.69      0.70      6279

Tue, 14 Feb 2017 15:33:43 data_sa.py[line:359] INFO for the strategy:R
Tue, 14 Feb 2017 15:33:43 data_sa.py[line:360] INFO KN:7	9.88710188866
Tue, 14 Feb 2017 15:33:43 data_sa.py[line:364] INFO 
             precision    recall  f1-score   support

          1       0.86      0.85      0.86      1042
          2       0.52      0.82      0.64       642
          3       0.03      0.05      0.04       521
          4       0.78      0.71      0.75      1848
          5       0.97      0.52      0.68      1497
          6       0.74      0.91      0.82       729

avg / total       0.75      0.67      0.69      6279

Tue, 14 Feb 2017 15:33:56 data_sa.py[line:359] INFO for the strategy:C
Tue, 14 Feb 2017 15:33:56 data_sa.py[line:360] INFO KN:9	0.163778066635
Tue, 14 Feb 2017 15:33:56 data_sa.py[line:364] INFO 
             precision    recall  f1-score   support

          1       0.86      0.87      0.87      1042
          2       0.52      0.84      0.64       642
          3       0.00      0.00      0.00       521
          4       0.78      0.77      0.77      1848
          5       0.96      0.53      0.68      1497
          6       0.75      0.95      0.84       729

avg / total       0.74      0.69      0.70      6279

Tue, 14 Feb 2017 15:34:12 data_sa.py[line:359] INFO for the strategy:R
Tue, 14 Feb 2017 15:34:12 data_sa.py[line:360] INFO KN:9	9.79618597031
Tue, 14 Feb 2017 15:34:12 data_sa.py[line:364] INFO 
             precision    recall  f1-score   support

          1       0.87      0.84      0.85      1042
          2       0.52      0.83      0.64       642
          3       0.02      0.04      0.03       521
          4       0.78      0.71      0.74      1848
          5       0.97      0.52      0.67      1497
          6       0.74      0.89      0.81       729

avg / total       0.75      0.66      0.68      6279

Tue, 14 Feb 2017 15:34:26 data_sa.py[line:359] INFO for the strategy:C
Tue, 14 Feb 2017 15:34:26 data_sa.py[line:360] INFO KN:13	0.159544944763
Tue, 14 Feb 2017 15:34:26 data_sa.py[line:364] INFO 
             precision    recall  f1-score   support

          1       0.86      0.87      0.86      1042
          2       0.52      0.84      0.64       642
          3       0.00      0.00      0.00       521
          4       0.78      0.77      0.77      1848
          5       0.96      0.53      0.68      1497
          6       0.75      0.95      0.84       729

avg / total       0.74      0.69      0.70      6279

Tue, 14 Feb 2017 15:34:42 data_sa.py[line:359] INFO for the strategy:R
Tue, 14 Feb 2017 15:34:42 data_sa.py[line:360] INFO KN:13	9.74107384682
Tue, 14 Feb 2017 15:34:42 data_sa.py[line:364] INFO 
             precision    recall  f1-score   support

          1       0.86      0.84      0.85      1042
          2       0.53      0.83      0.65       642
          3       0.02      0.04      0.03       521
          4       0.78      0.70      0.74      1848
          5       0.97      0.52      0.68      1497
          6       0.75      0.90      0.82       729

avg / total       0.75      0.66      0.68      6279

Tue, 14 Feb 2017 15:34:55 data_sa.py[line:359] INFO for the strategy:C
Tue, 14 Feb 2017 15:34:55 data_sa.py[line:360] INFO KN:22	0.162134885788
Tue, 14 Feb 2017 15:34:55 data_sa.py[line:364] INFO 
             precision    recall  f1-score   support

          1       0.86      0.87      0.86      1042
          2       0.52      0.84      0.64       642
          3       0.00      0.00      0.00       521
          4       0.78      0.77      0.77      1848
          5       0.96      0.53      0.68      1497
          6       0.75      0.95      0.84       729

avg / total       0.74      0.69      0.70      6279

Tue, 14 Feb 2017 15:35:11 data_sa.py[line:359] INFO for the strategy:R
Tue, 14 Feb 2017 15:35:11 data_sa.py[line:360] INFO KN:22	9.78736305237
Tue, 14 Feb 2017 15:35:11 data_sa.py[line:364] INFO 
             precision    recall  f1-score   support

          1       0.87      0.84      0.85      1042
          2       0.53      0.82      0.64       642
          3       0.03      0.05      0.03       521
          4       0.79      0.71      0.75      1848
          5       0.97      0.52      0.68      1497
          6       0.74      0.91      0.82       729

avg / total       0.75      0.67      0.69      6279

