Tue, 14 Feb 2017 15:19:32 data_sa.py[line:359] INFO for the strategy:C
Tue, 14 Feb 2017 15:19:32 data_sa.py[line:360] INFO KN:16	0.163903951645
Tue, 14 Feb 2017 15:19:32 data_sa.py[line:364] INFO 
             precision    recall  f1-score   support

          1       0.96      0.92      0.94        48
          2       0.80      0.19      0.31       371
          3       0.76      0.52      0.61        60
          4       0.80      1.00      0.89        37
          5       0.02      0.05      0.03        19
          6       0.98      0.91      0.94        99
          7       0.99      0.84      0.91       106
          8       0.76      0.41      0.53       137
          9       0.12      0.76      0.20        17
         10       0.10      0.35      0.15        20
         11       0.89      0.22      0.36       330
         12       0.29      0.81      0.42        27
         13       0.02      0.07      0.03        15
         14       0.26      0.84      0.39        31
         15       0.14      0.30      0.19        50
         16       0.99      0.94      0.96        87
         17       0.00      0.00      0.00        18
         18       0.17      0.17      0.17        42
         19       0.08      0.13      0.10        31
         20       0.49      0.91      0.64        32
         21       0.00      0.00      0.00        10
         22       0.08      0.31      0.13        13
         23       0.07      0.22      0.11        18
         24       0.20      0.53      0.29        19
         25       0.00      0.00      0.00        20

avg / total       0.70      0.43      0.47      1657

Tue, 14 Feb 2017 15:20:29 data_sa.py[line:359] INFO for the strategy:R
Tue, 14 Feb 2017 15:20:29 data_sa.py[line:360] INFO KN:16	56.0508730412
Tue, 14 Feb 2017 15:20:29 data_sa.py[line:364] INFO 
             precision    recall  f1-score   support

          1       0.54      0.92      0.68        48
          2       0.88      0.21      0.34       371
          3       0.65      0.43      0.52        60
          4       0.86      1.00      0.92        37
          5       0.03      0.11      0.05        19
          6       0.93      0.91      0.92        99
          7       0.97      0.73      0.83       106
          8       0.74      0.40      0.52       137
          9       0.10      0.59      0.17        17
         10       0.10      0.35      0.15        20
         11       0.90      0.22      0.36       330
         12       0.29      0.81      0.43        27
         13       0.12      0.67      0.21        15
         14       0.26      0.71      0.38        31
         15       0.08      0.12      0.10        50
         16       0.98      0.94      0.96        87
         17       0.00      0.00      0.00        18
         18       0.20      0.21      0.21        42
         19       0.08      0.13      0.10        31
         20       0.54      0.91      0.67        32
         21       0.00      0.00      0.00        10
         22       0.00      0.00      0.00        13
         23       0.07      0.22      0.11        18
         24       0.23      0.53      0.32        19
         25       0.00      0.00      0.00        20

avg / total       0.70      0.42      0.46      1657

Tue, 14 Feb 2017 15:20:33 data_sa.py[line:359] INFO for the strategy:C
Tue, 14 Feb 2017 15:20:33 data_sa.py[line:360] INFO KN:31	0.163938999176
Tue, 14 Feb 2017 15:20:33 data_sa.py[line:364] INFO 
             precision    recall  f1-score   support

          1       0.96      0.92      0.94        48
          2       0.90      0.22      0.35       371
          3       0.35      0.30      0.32        60
          4       0.55      0.73      0.63        37
          5       0.07      0.21      0.11        19
          6       0.92      0.90      0.91        99
          7       0.97      0.70      0.81       106
          8       0.74      0.42      0.54       137
          9       0.06      0.29      0.10        17
         10       0.11      0.35      0.16        20
         11       0.89      0.22      0.35       330
         12       0.32      0.85      0.46        27
         13       0.08      0.20      0.11        15
         14       0.36      0.81      0.50        31
         15       0.33      0.36      0.35        50
         16       0.93      0.90      0.91        87
         17       0.00      0.00      0.00        18
         18       0.19      0.36      0.24        42
         19       0.00      0.00      0.00        31
         20       0.53      0.88      0.66        32
         21       0.00      0.00      0.00        10
         22       0.06      0.46      0.11        13
         23       0.02      0.06      0.03        18
         24       0.12      0.42      0.18        19
         25       0.49      1.00      0.66        20

avg / total       0.71      0.42      0.46      1657

Tue, 14 Feb 2017 15:21:30 data_sa.py[line:359] INFO for the strategy:R
Tue, 14 Feb 2017 15:21:30 data_sa.py[line:360] INFO KN:31	55.6248478889
Tue, 14 Feb 2017 15:21:30 data_sa.py[line:364] INFO 
             precision    recall  f1-score   support

          1       0.51      0.94      0.66        48
          2       0.88      0.21      0.34       371
          3       0.63      0.40      0.49        60
          4       0.85      0.95      0.90        37
          5       0.03      0.11      0.05        19
          6       0.93      0.91      0.92        99
          7       0.97      0.73      0.83       106
          8       0.73      0.39      0.51       137
          9       0.09      0.53      0.15        17
         10       0.09      0.30      0.13        20
         11       0.91      0.22      0.36       330
         12       0.30      0.81      0.44        27
         13       0.13      0.67      0.21        15
         14       0.26      0.71      0.38        31
         15       0.08      0.12      0.10        50
         16       0.98      0.94      0.96        87
         17       0.00      0.00      0.00        18
         18       0.20      0.21      0.21        42
         19       0.07      0.13      0.09        31
         20       0.57      0.91      0.70        32
         21       0.00      0.00      0.00        10
         22       0.00      0.00      0.00        13
         23       0.07      0.22      0.11        18
         24       0.22      0.53      0.31        19
         25       0.00      0.00      0.00        20

avg / total       0.70      0.42      0.45      1657

Tue, 14 Feb 2017 15:21:34 data_sa.py[line:359] INFO for the strategy:C
Tue, 14 Feb 2017 15:21:34 data_sa.py[line:360] INFO KN:6	0.160223960876
Tue, 14 Feb 2017 15:21:34 data_sa.py[line:364] INFO 
             precision    recall  f1-score   support

          1       0.96      0.92      0.94        48
          2       0.87      0.19      0.31       371
          3       0.73      0.50      0.59        60
          4       0.55      0.76      0.64        37
          5       0.03      0.11      0.05        19
          6       0.92      0.90      0.91        99
          7       0.98      0.91      0.94       106
          8       0.76      0.42      0.54       137
          9       0.06      0.29      0.10        17
         10       0.10      0.35      0.15        20
         11       0.84      0.20      0.32       330
         12       0.29      0.85      0.44        27
         13       0.07      0.20      0.11        15
         14       0.38      0.87      0.52        31
         15       0.20      0.36      0.26        50
         16       0.91      0.93      0.92        87
         17       0.00      0.00      0.00        18
         18       0.18      0.26      0.21        42
         19       0.00      0.00      0.00        31
         20       0.61      0.88      0.72        32
         21       0.00      0.00      0.00        10
         22       0.06      0.46      0.11        13
         23       0.02      0.06      0.03        18
         24       0.05      0.16      0.08        19
         25       0.51      1.00      0.68        20

avg / total       0.70      0.43      0.46      1657

Tue, 14 Feb 2017 15:22:31 data_sa.py[line:359] INFO for the strategy:R
Tue, 14 Feb 2017 15:22:31 data_sa.py[line:360] INFO KN:6	55.6817908287
Tue, 14 Feb 2017 15:22:31 data_sa.py[line:364] INFO 
             precision    recall  f1-score   support

          1       0.48      0.92      0.63        48
          2       0.89      0.22      0.35       371
          3       0.64      0.42      0.51        60
          4       0.85      0.92      0.88        37
          5       0.03      0.11      0.05        19
          6       0.93      0.90      0.91        99
          7       0.97      0.73      0.83       106
          8       0.74      0.42      0.53       137
          9       0.10      0.59      0.17        17
         10       0.10      0.35      0.16        20
         11       0.91      0.22      0.36       330
         12       0.29      0.81      0.43        27
         13       0.12      0.67      0.21        15
         14       0.26      0.74      0.39        31
         15       0.08      0.12      0.10        50
         16       0.98      0.94      0.96        87
         17       0.00      0.00      0.00        18
         18       0.20      0.21      0.21        42
         19       0.08      0.13      0.10        31
         20       0.58      0.91      0.71        32
         21       0.00      0.00      0.00        10
         22       0.00      0.00      0.00        13
         23       0.07      0.22      0.11        18
         24       0.22      0.53      0.31        19
         25       0.00      0.00      0.00        20

avg / total       0.70      0.42      0.46      1657

Tue, 14 Feb 2017 15:22:35 data_sa.py[line:359] INFO for the strategy:C
Tue, 14 Feb 2017 15:22:35 data_sa.py[line:360] INFO KN:11	0.163022994995
Tue, 14 Feb 2017 15:22:35 data_sa.py[line:364] INFO 
             precision    recall  f1-score   support

          1       0.96      0.92      0.94        48
          2       0.88      0.22      0.35       371
          3       0.64      0.47      0.54        60
          4       0.86      0.97      0.91        37
          5       0.03      0.11      0.05        19
          6       0.93      0.91      0.92        99
          7       0.97      0.70      0.81       106
          8       0.74      0.42      0.54       137
          9       0.08      0.53      0.14        17
         10       0.10      0.35      0.15        20
         11       0.90      0.22      0.36       330
         12       0.28      0.78      0.42        27
         13       0.12      0.67      0.20        15
         14       0.26      0.77      0.39        31
         15       0.08      0.12      0.09        50
         16       0.99      0.94      0.96        87
         17       0.00      0.00      0.00        18
         18       0.17      0.17      0.17        42
         19       0.08      0.13      0.10        31
         20       0.53      0.88      0.66        32
         21       0.00      0.00      0.00        10
         22       0.00      0.00      0.00        13
         23       0.07      0.22      0.11        18
         24       0.20      0.53      0.29        19
         25       0.00      0.00      0.00        20

avg / total       0.71      0.42      0.47      1657

Tue, 14 Feb 2017 15:23:33 data_sa.py[line:359] INFO for the strategy:R
Tue, 14 Feb 2017 15:23:33 data_sa.py[line:360] INFO KN:11	55.873980999
Tue, 14 Feb 2017 15:23:33 data_sa.py[line:364] INFO 
             precision    recall  f1-score   support

          1       0.52      0.92      0.67        48
          2       0.88      0.21      0.34       371
          3       0.67      0.43      0.53        60
          4       0.86      1.00      0.92        37
          5       0.03      0.11      0.05        19
          6       0.93      0.91      0.92        99
          7       0.97      0.71      0.82       106
          8       0.75      0.41      0.53       137
          9       0.10      0.59      0.17        17
         10       0.10      0.35      0.16        20
         11       0.90      0.22      0.36       330
         12       0.29      0.81      0.43        27
         13       0.13      0.67      0.22        15
         14       0.27      0.77      0.40        31
         15       0.08      0.12      0.10        50
         16       0.99      0.93      0.96        87
         17       0.00      0.00      0.00        18
         18       0.20      0.21      0.21        42
         19       0.08      0.13      0.10        31
         20       0.54      0.91      0.67        32
         21       0.00      0.00      0.00        10
         22       0.00      0.00      0.00        13
         23       0.07      0.22      0.11        18
         24       0.22      0.53      0.31        19
         25       0.00      0.00      0.00        20

avg / total       0.70      0.42      0.46      1657

Tue, 14 Feb 2017 15:23:37 data_sa.py[line:359] INFO for the strategy:C
Tue, 14 Feb 2017 15:23:37 data_sa.py[line:360] INFO KN:31	0.162490844727
Tue, 14 Feb 2017 15:23:37 data_sa.py[line:364] INFO 
             precision    recall  f1-score   support

          1       0.96      0.92      0.94        48
          2       0.90      0.22      0.35       371
          3       0.35      0.30      0.32        60
          4       0.55      0.73      0.63        37
          5       0.07      0.21      0.11        19
          6       0.92      0.90      0.91        99
          7       0.97      0.70      0.81       106
          8       0.74      0.42      0.54       137
          9       0.06      0.29      0.10        17
         10       0.11      0.35      0.16        20
         11       0.89      0.22      0.35       330
         12       0.32      0.85      0.46        27
         13       0.08      0.20      0.11        15
         14       0.36      0.81      0.50        31
         15       0.33      0.36      0.35        50
         16       0.93      0.90      0.91        87
         17       0.00      0.00      0.00        18
         18       0.19      0.36      0.24        42
         19       0.00      0.00      0.00        31
         20       0.53      0.88      0.66        32
         21       0.00      0.00      0.00        10
         22       0.06      0.46      0.11        13
         23       0.02      0.06      0.03        18
         24       0.12      0.42      0.18        19
         25       0.49      1.00      0.66        20

avg / total       0.71      0.42      0.46      1657

Tue, 14 Feb 2017 15:24:34 data_sa.py[line:359] INFO for the strategy:R
Tue, 14 Feb 2017 15:24:34 data_sa.py[line:360] INFO KN:31	56.2356529236
Tue, 14 Feb 2017 15:24:34 data_sa.py[line:364] INFO 
             precision    recall  f1-score   support

          1       0.56      0.92      0.69        48
          2       0.88      0.22      0.35       371
          3       0.65      0.43      0.52        60
          4       0.86      1.00      0.92        37
          5       0.03      0.11      0.05        19
          6       0.94      0.91      0.92        99
          7       0.97      0.72      0.83       106
          8       0.75      0.42      0.54       137
          9       0.10      0.59      0.17        17
         10       0.10      0.35      0.16        20
         11       0.90      0.22      0.36       330
         12       0.29      0.81      0.43        27
         13       0.12      0.67      0.21        15
         14       0.26      0.71      0.38        31
         15       0.08      0.12      0.10        50
         16       0.98      0.94      0.96        87
         17       0.00      0.00      0.00        18
         18       0.20      0.21      0.21        42
         19       0.08      0.13      0.10        31
         20       0.55      0.91      0.68        32
         21       0.00      0.00      0.00        10
         22       0.00      0.00      0.00        13
         23       0.07      0.22      0.11        18
         24       0.20      0.47      0.29        19
         25       0.00      0.00      0.00        20

avg / total       0.70      0.42      0.46      1657

Tue, 14 Feb 2017 15:24:38 data_sa.py[line:359] INFO for the strategy:C
Tue, 14 Feb 2017 15:24:38 data_sa.py[line:360] INFO KN:39	0.163769960403
Tue, 14 Feb 2017 15:24:38 data_sa.py[line:364] INFO 
             precision    recall  f1-score   support

          1       0.96      0.94      0.95        48
          2       0.78      0.19      0.30       371
          3       0.76      0.47      0.58        60
          4       0.55      0.97      0.71        37
          5       0.10      0.42      0.16        19
          6       0.98      0.91      0.94        99
          7       0.99      0.89      0.94       106
          8       0.73      0.43      0.54       137
          9       0.09      0.59      0.16        17
         10       0.10      0.35      0.15        20
         11       0.89      0.22      0.35       330
         12       0.31      0.81      0.44        27
         13       0.07      0.20      0.10        15
         14       0.04      0.06      0.05        31
         15       0.21      0.38      0.27        50
         16       0.99      0.93      0.96        87
         17       0.00      0.00      0.00        18
         18       0.19      0.33      0.24        42
         19       0.00      0.00      0.00        31
         20       0.74      0.91      0.82        32
         21       0.00      0.00      0.00        10
         22       0.08      0.31      0.12        13
         23       0.07      0.22      0.11        18
         24       0.20      0.53      0.29        19
         25       0.27      1.00      0.43        20

avg / total       0.70      0.44      0.47      1657

Tue, 14 Feb 2017 15:25:37 data_sa.py[line:359] INFO for the strategy:R
Tue, 14 Feb 2017 15:25:37 data_sa.py[line:360] INFO KN:39	56.7010290623
Tue, 14 Feb 2017 15:25:37 data_sa.py[line:364] INFO 
             precision    recall  f1-score   support

          1       0.56      0.92      0.70        48
          2       0.88      0.22      0.35       371
          3       0.67      0.43      0.53        60
          4       0.86      1.00      0.92        37
          5       0.03      0.11      0.05        19
          6       0.94      0.90      0.92        99
          7       0.97      0.73      0.83       106
          8       0.75      0.41      0.53       137
          9       0.10      0.59      0.17        17
         10       0.10      0.35      0.16        20
         11       0.90      0.22      0.36       330
         12       0.29      0.81      0.43        27
         13       0.12      0.67      0.20        15
         14       0.27      0.77      0.40        31
         15       0.08      0.12      0.10        50
         16       0.98      0.94      0.96        87
         17       0.00      0.00      0.00        18
         18       0.20      0.21      0.21        42
         19       0.08      0.13      0.10        31
         20       0.55      0.91      0.68        32
         21       0.00      0.00      0.00        10
         22       0.00      0.00      0.00        13
         23       0.07      0.22      0.11        18
         24       0.22      0.53      0.31        19
         25       0.00      0.00      0.00        20

avg / total       0.70      0.42      0.46      1657

Tue, 14 Feb 2017 15:25:40 data_sa.py[line:359] INFO for the strategy:C
Tue, 14 Feb 2017 15:25:40 data_sa.py[line:360] INFO KN:23	0.162258148193
Tue, 14 Feb 2017 15:25:40 data_sa.py[line:364] INFO 
             precision    recall  f1-score   support

          1       0.96      0.94      0.95        48
          2       0.92      0.20      0.33       371
          3       0.37      0.57      0.45        60
          4       0.92      0.92      0.92        37
          5       0.10      0.47      0.16        19
          6       0.98      0.91      0.94        99
          7       0.98      0.92      0.95       106
          8       0.87      0.43      0.58       137
          9       0.20      0.94      0.32        17
         10       0.10      0.35      0.15        20
         11       0.90      0.22      0.35       330
         12       0.29      0.81      0.43        27
         13       0.07      0.20      0.10        15
         14       0.44      0.94      0.60        31
         15       0.07      0.12      0.09        50
         16       0.95      0.91      0.93        87
         17       0.00      0.00      0.00        18
         18       0.20      0.36      0.26        42
         19       0.00      0.00      0.00        31
         20       0.69      0.91      0.78        32
         21       0.00      0.00      0.00        10
         22       0.03      0.15      0.05        13
         23       0.07      0.22      0.11        18
         24       0.20      0.53      0.29        19
         25       0.53      1.00      0.69        20

avg / total       0.74      0.46      0.49      1657

Tue, 14 Feb 2017 15:26:38 data_sa.py[line:359] INFO for the strategy:C
Tue, 14 Feb 2017 15:26:38 data_sa.py[line:360] INFO KN:23	0.22674202919
Tue, 14 Feb 2017 15:26:38 data_sa.py[line:364] INFO 
             precision    recall  f1-score   support

          1       0.96      0.94      0.95        48
          2       0.92      0.20      0.33       371
          3       0.37      0.57      0.45        60
          4       0.92      0.92      0.92        37
          5       0.10      0.47      0.16        19
          6       0.98      0.91      0.94        99
          7       0.98      0.92      0.95       106
          8       0.87      0.43      0.58       137
          9       0.20      0.94      0.32        17
         10       0.10      0.35      0.15        20
         11       0.90      0.22      0.35       330
         12       0.29      0.81      0.43        27
         13       0.07      0.20      0.10        15
         14       0.44      0.94      0.60        31
         15       0.07      0.12      0.09        50
         16       0.95      0.91      0.93        87
         17       0.00      0.00      0.00        18
         18       0.20      0.36      0.26        42
         19       0.00      0.00      0.00        31
         20       0.69      0.91      0.78        32
         21       0.00      0.00      0.00        10
         22       0.03      0.15      0.05        13
         23       0.07      0.22      0.11        18
         24       0.20      0.53      0.29        19
         25       0.53      1.00      0.69        20

avg / total       0.74      0.46      0.49      1657

Tue, 14 Feb 2017 15:26:38 data_sa.py[line:359] INFO for the strategy:R
Tue, 14 Feb 2017 15:26:38 data_sa.py[line:360] INFO KN:23	56.389193058
Tue, 14 Feb 2017 15:26:38 data_sa.py[line:364] INFO 
             precision    recall  f1-score   support

          1       0.56      0.92      0.70        48
          2       0.88      0.22      0.35       371
          3       0.68      0.45      0.54        60
          4       0.86      1.00      0.92        37
          5       0.03      0.11      0.05        19
          6       0.93      0.91      0.92        99
          7       0.97      0.73      0.83       106
          8       0.75      0.41      0.53       137
          9       0.10      0.59      0.17        17
         10       0.10      0.35      0.15        20
         11       0.91      0.22      0.36       330
         12       0.29      0.81      0.43        27
         13       0.13      0.67      0.22        15
         14       0.26      0.74      0.39        31
         15       0.08      0.12      0.10        50
         16       0.98      0.94      0.96        87
         17       0.00      0.00      0.00        18
         18       0.20      0.21      0.21        42
         19       0.08      0.13      0.10        31
         20       0.54      0.91      0.67        32
         21       0.00      0.00      0.00        10
         22       0.00      0.00      0.00        13
         23       0.07      0.22      0.11        18
         24       0.22      0.53      0.31        19
         25       0.00      0.00      0.00        20

avg / total       0.71      0.42      0.46      1657

Tue, 14 Feb 2017 15:26:42 data_sa.py[line:359] INFO for the strategy:C
Tue, 14 Feb 2017 15:26:42 data_sa.py[line:360] INFO KN:19	0.165678977966
Tue, 14 Feb 2017 15:26:42 data_sa.py[line:364] INFO 
             precision    recall  f1-score   support

          1       0.96      0.92      0.94        48
          2       0.88      0.18      0.30       371
          3       0.32      0.30      0.31        60
          4       0.83      0.92      0.87        37
          5       0.12      0.53      0.20        19
          6       0.98      0.90      0.94        99
          7       0.97      0.74      0.84       106
          8       0.74      0.40      0.52       137
          9       0.10      0.41      0.17        17
         10       0.10      0.35      0.16        20
         11       0.91      0.23      0.37       330
         12       0.28      0.85      0.43        27
         13       0.03      0.13      0.05        15
         14       0.27      0.81      0.40        31
         15       0.27      0.36      0.31        50
         16       0.94      0.94      0.94        87
         17       0.00      0.00      0.00        18
         18       0.21      0.21      0.21        42
         19       0.00      0.00      0.00        31
         20       0.57      0.91      0.70        32
         21       0.02      0.10      0.03        10
         22       0.11      1.00      0.20        13
         23       0.08      0.22      0.11        18
         24       0.33      0.53      0.41        19
         25       0.00      0.00      0.00        20

avg / total       0.71      0.42      0.46      1657

Tue, 14 Feb 2017 15:27:25 data_sa.py[line:359] INFO for the strategy:C
Tue, 14 Feb 2017 15:27:25 data_sa.py[line:360] INFO KN:19	0.246757984161
Tue, 14 Feb 2017 15:27:25 data_sa.py[line:364] INFO 
             precision    recall  f1-score   support

          1       0.96      0.92      0.94        48
          2       0.88      0.18      0.30       371
          3       0.32      0.30      0.31        60
          4       0.83      0.92      0.87        37
          5       0.12      0.53      0.20        19
          6       0.98      0.90      0.94        99
          7       0.97      0.74      0.84       106
          8       0.74      0.40      0.52       137
          9       0.10      0.41      0.17        17
         10       0.10      0.35      0.16        20
         11       0.91      0.23      0.37       330
         12       0.28      0.85      0.43        27
         13       0.03      0.13      0.05        15
         14       0.27      0.81      0.40        31
         15       0.27      0.36      0.31        50
         16       0.94      0.94      0.94        87
         17       0.00      0.00      0.00        18
         18       0.21      0.21      0.21        42
         19       0.00      0.00      0.00        31
         20       0.57      0.91      0.70        32
         21       0.02      0.10      0.03        10
         22       0.11      1.00      0.20        13
         23       0.08      0.22      0.11        18
         24       0.33      0.53      0.41        19
         25       0.00      0.00      0.00        20

avg / total       0.71      0.42      0.46      1657

Tue, 14 Feb 2017 15:27:40 data_sa.py[line:359] INFO for the strategy:R
Tue, 14 Feb 2017 15:27:40 data_sa.py[line:360] INFO KN:19	56.1937458515
Tue, 14 Feb 2017 15:27:40 data_sa.py[line:364] INFO 
             precision    recall  f1-score   support

          1       0.56      0.92      0.69        48
          2       0.88      0.22      0.35       371
          3       0.66      0.45      0.53        60
          4       0.85      0.95      0.90        37
          5       0.03      0.11      0.05        19
          6       0.93      0.90      0.91        99
          7       0.97      0.73      0.83       106
          8       0.77      0.42      0.55       137
          9       0.10      0.59      0.17        17
         10       0.10      0.35      0.15        20
         11       0.90      0.22      0.36       330
         12       0.29      0.81      0.43        27
         13       0.12      0.67      0.21        15
         14       0.27      0.74      0.39        31
         15       0.08      0.12      0.10        50
         16       0.98      0.94      0.96        87
         17       0.00      0.00      0.00        18
         18       0.20      0.21      0.21        42
         19       0.08      0.13      0.10        31
         20       0.55      0.91      0.68        32
         21       0.00      0.00      0.00        10
         22       0.00      0.00      0.00        13
         23       0.07      0.22      0.11        18
         24       0.20      0.47      0.28        19
         25       0.00      0.00      0.00        20

avg / total       0.70      0.42      0.46      1657

Tue, 14 Feb 2017 15:27:44 data_sa.py[line:359] INFO for the strategy:C
Tue, 14 Feb 2017 15:27:44 data_sa.py[line:360] INFO KN:32	0.162648916245
Tue, 14 Feb 2017 15:27:44 data_sa.py[line:364] INFO 
             precision    recall  f1-score   support

          1       0.96      0.92      0.94        48
          2       0.88      0.20      0.33       371
          3       0.63      0.48      0.55        60
          4       0.72      0.78      0.75        37
          5       0.10      0.47      0.17        19
          6       0.93      0.90      0.91        99
          7       0.97      0.70      0.81       106
          8       0.74      0.42      0.53       137
          9       0.16      0.82      0.26        17
         10       0.11      0.35      0.16        20
         11       0.90      0.22      0.36       330
         12       0.29      0.81      0.43        27
         13       0.11      0.60      0.18        15
         14       0.25      0.74      0.37        31
         15       0.07      0.12      0.09        50
         16       0.90      0.99      0.94        87
         17       0.00      0.00      0.00        18
         18       0.21      0.21      0.21        42
         19       0.08      0.13      0.10        31
         20       0.54      0.88      0.67        32
         21       0.00      0.00      0.00        10
         22       0.00      0.00      0.00        13
         23       0.07      0.22      0.11        18
         24       0.20      0.53      0.29        19
         25       0.00      0.00      0.00        20

avg / total       0.71      0.42      0.46      1657

Tue, 14 Feb 2017 15:28:41 data_sa.py[line:359] INFO for the strategy:R
Tue, 14 Feb 2017 15:28:41 data_sa.py[line:360] INFO KN:32	55.6699590683
Tue, 14 Feb 2017 15:28:41 data_sa.py[line:364] INFO 
             precision    recall  f1-score   support

          1       0.52      0.92      0.67        48
          2       0.89      0.22      0.36       371
          3       0.65      0.43      0.52        60
          4       0.86      0.97      0.91        37
          5       0.03      0.11      0.05        19
          6       0.93      0.91      0.92        99
          7       0.99      0.72      0.83       106
          8       0.77      0.42      0.55       137
          9       0.10      0.59      0.17        17
         10       0.10      0.35      0.15        20
         11       0.90      0.22      0.36       330
         12       0.30      0.81      0.44        27
         13       0.12      0.67      0.21        15
         14       0.28      0.77      0.41        31
         15       0.08      0.12      0.09        50
         16       0.98      0.92      0.95        87
         17       0.00      0.00      0.00        18
         18       0.20      0.21      0.21        42
         19       0.06      0.10      0.08        31
         20       0.54      0.91      0.67        32
         21       0.00      0.00      0.00        10
         22       0.00      0.00      0.00        13
         23       0.05      0.17      0.08        18
         24       0.20      0.47      0.28        19
         25       0.00      0.00      0.00        20

avg / total       0.71      0.42      0.46      1657

Tue, 14 Feb 2017 15:28:45 data_sa.py[line:359] INFO for the strategy:C
Tue, 14 Feb 2017 15:28:45 data_sa.py[line:360] INFO KN:2	0.164284944534
Tue, 14 Feb 2017 15:28:45 data_sa.py[line:364] INFO 
             precision    recall  f1-score   support

          1       0.96      0.92      0.94        48
          2       0.70      0.20      0.31       371
          3       0.35      0.45      0.39        60
          4       0.82      0.97      0.89        37
          5       0.09      0.37      0.14        19
          6       0.93      0.90      0.91        99
          7       0.98      0.92      0.95       106
          8       0.76      0.41      0.53       137
          9       0.06      0.29      0.10        17
         10       0.10      0.35      0.16        20
         11       0.90      0.23      0.37       330
         12       0.30      0.81      0.44        27
         13       0.00      0.00      0.00        15
         14       0.26      0.74      0.39        31
         15       0.31      0.32      0.31        50
         16       0.99      0.94      0.96        87
         17       0.00      0.00      0.00        18
         18       0.17      0.17      0.17        42
         19       0.08      0.13      0.10        31
         20       0.50      0.91      0.64        32
         21       0.02      0.10      0.03        10
         22       0.00      0.00      0.00        13
         23       0.07      0.22      0.11        18
         24       0.25      0.53      0.34        19
         25       0.00      0.00      0.00        20

avg / total       0.67      0.43      0.47      1657

Tue, 14 Feb 2017 15:29:43 data_sa.py[line:359] INFO for the strategy:R
Tue, 14 Feb 2017 15:29:43 data_sa.py[line:360] INFO KN:2	56.0685670376
Tue, 14 Feb 2017 15:29:43 data_sa.py[line:364] INFO 
             precision    recall  f1-score   support

          1       0.53      0.94      0.68        48
          2       0.89      0.22      0.35       371
          3       0.66      0.38      0.48        60
          4       0.86      0.97      0.91        37
          5       0.03      0.11      0.05        19
          6       0.93      0.90      0.91        99
          7       0.97      0.73      0.83       106
          8       0.75      0.42      0.54       137
          9       0.10      0.59      0.17        17
         10       0.10      0.35      0.15        20
         11       0.90      0.22      0.36       330
         12       0.30      0.81      0.44        27
         13       0.11      0.60      0.19        15
         14       0.28      0.77      0.41        31
         15       0.08      0.12      0.10        50
         16       0.98      0.94      0.96        87
         17       0.00      0.00      0.00        18
         18       0.20      0.21      0.21        42
         19       0.08      0.13      0.10        31
         20       0.54      0.91      0.67        32
         21       0.00      0.00      0.00        10
         22       0.00      0.00      0.00        13
         23       0.07      0.22      0.11        18
         24       0.23      0.53      0.32        19
         25       0.00      0.00      0.00        20

avg / total       0.70      0.42      0.46      1657

