Tue, 14 Feb 2017 15:06:34 data_sa.py[line:359] INFO for the strategy:C
Tue, 14 Feb 2017 15:06:34 data_sa.py[line:360] INFO KN:49	0.16134095192
Tue, 14 Feb 2017 15:06:34 data_sa.py[line:364] INFO 
             precision    recall  f1-score   support

        351       0.30      1.00      0.46        26
        352       0.96      0.87      0.91       174
        353       0.67      0.73      0.70        95
        354       0.96      0.51      0.67       243
        355       0.02      0.03      0.02        35
        356       0.00      0.00      0.00         9
        357       0.93      0.55      0.69       162
        358       0.38      1.00      0.55        33
        359       0.00      0.00      0.00        18
        360       0.86      0.99      0.92        83

avg / total       0.80      0.66      0.69       878

Tue, 14 Feb 2017 15:06:39 data_sa.py[line:359] INFO for the strategy:R
Tue, 14 Feb 2017 15:06:39 data_sa.py[line:360] INFO KN:49	3.65531611443
Tue, 14 Feb 2017 15:06:39 data_sa.py[line:364] INFO 
             precision    recall  f1-score   support

        351       0.32      0.96      0.48        26
        352       0.96      0.87      0.92       174
        353       0.67      0.59      0.63        95
        354       0.96      0.50      0.66       243
        355       0.11      0.23      0.15        35
        356       0.00      0.00      0.00         9
        357       0.93      0.53      0.68       162
        358       0.34      0.82      0.48        33
        359       0.00      0.00      0.00        18
        360       0.86      0.98      0.92        83

avg / total       0.81      0.63      0.68       878

Tue, 14 Feb 2017 15:06:41 data_sa.py[line:359] INFO for the strategy:C
Tue, 14 Feb 2017 15:06:41 data_sa.py[line:360] INFO KN:16	0.159587860107
Tue, 14 Feb 2017 15:06:41 data_sa.py[line:364] INFO 
             precision    recall  f1-score   support

        351       0.28      1.00      0.43        26
        352       0.96      0.87      0.92       174
        353       0.95      0.42      0.58        95
        354       0.80      0.40      0.53       243
        355       0.38      0.94      0.54        35
        356       0.00      0.00      0.00         9
        357       0.91      0.43      0.59       162
        358       0.29      1.00      0.45        33
        359       0.00      0.00      0.00        18
        360       0.87      0.98      0.92        83

avg / total       0.80      0.60      0.64       878

Tue, 14 Feb 2017 15:06:45 data_sa.py[line:359] INFO for the strategy:R
Tue, 14 Feb 2017 15:06:45 data_sa.py[line:360] INFO KN:16	3.81026911736
Tue, 14 Feb 2017 15:06:45 data_sa.py[line:364] INFO 
             precision    recall  f1-score   support

        351       0.30      0.96      0.46        26
        352       0.96      0.87      0.91       174
        353       0.67      0.61      0.64        95
        354       0.96      0.50      0.66       243
        355       0.11      0.17      0.13        35
        356       0.00      0.00      0.00         9
        357       0.92      0.53      0.67       162
        358       0.38      0.97      0.54        33
        359       0.00      0.00      0.00        18
        360       0.86      0.99      0.92        83

avg / total       0.81      0.64      0.68       878

Tue, 14 Feb 2017 15:06:47 data_sa.py[line:359] INFO for the strategy:C
Tue, 14 Feb 2017 15:06:47 data_sa.py[line:360] INFO KN:21	0.162785053253
Tue, 14 Feb 2017 15:06:47 data_sa.py[line:364] INFO 
             precision    recall  f1-score   support

        351       0.30      1.00      0.46        26
        352       0.96      0.87      0.91       174
        353       0.95      0.42      0.58        95
        354       0.96      0.51      0.67       243
        355       0.38      0.94      0.54        35
        356       0.00      0.00      0.00         9
        357       0.93      0.55      0.69       162
        358       0.38      1.00      0.55        33
        359       0.00      0.00      0.00        18
        360       0.86      0.99      0.92        83

avg / total       0.85      0.66      0.70       878

Tue, 14 Feb 2017 15:06:52 data_sa.py[line:359] INFO for the strategy:R
Tue, 14 Feb 2017 15:06:52 data_sa.py[line:360] INFO KN:21	3.78977918625
Tue, 14 Feb 2017 15:06:52 data_sa.py[line:364] INFO 
             precision    recall  f1-score   support

        351       0.29      0.88      0.44        26
        352       0.96      0.87      0.91       174
        353       0.61      0.38      0.47        95
        354       0.96      0.51      0.67       243
        355       0.34      0.86      0.49        35
        356       0.00      0.00      0.00         9
        357       0.92      0.52      0.66       162
        358       0.35      0.88      0.50        33
        359       0.00      0.00      0.00        18
        360       0.86      0.98      0.92        83

avg / total       0.81      0.64      0.68       878

Tue, 14 Feb 2017 15:06:54 data_sa.py[line:359] INFO for the strategy:C
Tue, 14 Feb 2017 15:06:54 data_sa.py[line:360] INFO KN:1	0.157618045807
Tue, 14 Feb 2017 15:06:54 data_sa.py[line:364] INFO 
             precision    recall  f1-score   support

        351       0.30      1.00      0.46        26
        352       0.96      0.88      0.92       174
        353       0.66      0.65      0.66        95
        354       0.95      0.49      0.65       243
        355       0.06      0.06      0.06        35
        356       0.00      0.00      0.00         9
        357       0.92      0.53      0.67       162
        358       0.36      1.00      0.53        33
        359       0.00      0.00      0.00        18
        360       0.83      0.99      0.90        83

avg / total       0.80      0.64      0.68       878

Tue, 14 Feb 2017 15:06:59 data_sa.py[line:359] INFO for the strategy:R
Tue, 14 Feb 2017 15:06:59 data_sa.py[line:360] INFO KN:1	3.8039829731
Tue, 14 Feb 2017 15:06:59 data_sa.py[line:364] INFO 
             precision    recall  f1-score   support

        351       0.29      0.88      0.44        26
        352       0.96      0.87      0.92       174
        353       0.67      0.63      0.65        95
        354       0.96      0.51      0.67       243
        355       0.08      0.11      0.09        35
        356       0.00      0.00      0.00         9
        357       0.93      0.54      0.68       162
        358       0.37      0.94      0.53        33
        359       0.00      0.00      0.00        18
        360       0.86      0.99      0.92        83

avg / total       0.81      0.64      0.69       878

Tue, 14 Feb 2017 15:07:01 data_sa.py[line:359] INFO for the strategy:C
Tue, 14 Feb 2017 15:07:01 data_sa.py[line:360] INFO KN:45	0.160231113434
Tue, 14 Feb 2017 15:07:01 data_sa.py[line:364] INFO 
             precision    recall  f1-score   support

        351       0.32      1.00      0.49        26
        352       1.00      0.99      0.99       174
        353       1.00      0.33      0.49        95
        354       0.96      0.51      0.66       243
        355       0.37      0.94      0.53        35
        356       0.00      0.00      0.00         9
        357       0.93      0.53      0.68       162
        358       0.39      1.00      0.56        33
        359       0.00      0.00      0.00        18
        360       0.84      0.99      0.91        83

avg / total       0.86      0.67      0.70       878

Tue, 14 Feb 2017 15:07:05 data_sa.py[line:359] INFO for the strategy:R
Tue, 14 Feb 2017 15:07:05 data_sa.py[line:360] INFO KN:45	3.7863779068
Tue, 14 Feb 2017 15:07:05 data_sa.py[line:364] INFO 
             precision    recall  f1-score   support

        351       0.30      0.96      0.46        26
        352       0.96      0.87      0.91       174
        353       0.61      0.38      0.47        95
        354       0.96      0.51      0.67       243
        355       0.33      0.80      0.47        35
        356       0.00      0.00      0.00         9
        357       0.93      0.54      0.68       162
        358       0.38      0.91      0.53        33
        359       0.00      0.00      0.00        18
        360       0.86      0.98      0.92        83

avg / total       0.81      0.64      0.68       878

Tue, 14 Feb 2017 15:07:07 data_sa.py[line:359] INFO for the strategy:C
Tue, 14 Feb 2017 15:07:07 data_sa.py[line:360] INFO KN:10	0.158614873886
Tue, 14 Feb 2017 15:07:07 data_sa.py[line:364] INFO 
             precision    recall  f1-score   support

        351       0.30      1.00      0.46        26
        352       0.95      0.87      0.91       174
        353       0.86      0.38      0.53        95
        354       0.96      0.51      0.67       243
        355       0.38      0.94      0.54        35
        356       0.00      0.00      0.00         9
        357       0.91      0.51      0.66       162
        358       0.38      1.00      0.55        33
        359       0.00      0.00      0.00        18
        360       0.86      0.99      0.92        83

avg / total       0.83      0.65      0.69       878

Tue, 14 Feb 2017 15:07:12 data_sa.py[line:359] INFO for the strategy:R
Tue, 14 Feb 2017 15:07:12 data_sa.py[line:360] INFO KN:10	3.67277789116
Tue, 14 Feb 2017 15:07:12 data_sa.py[line:364] INFO 
             precision    recall  f1-score   support

        351       0.27      0.85      0.41        26
        352       0.97      0.87      0.92       174
        353       0.69      0.64      0.67        95
        354       0.97      0.50      0.66       243
        355       0.11      0.20      0.14        35
        356       0.00      0.00      0.00         9
        357       0.92      0.51      0.65       162
        358       0.37      0.91      0.52        33
        359       0.00      0.00      0.00        18
        360       0.86      0.99      0.92        83

avg / total       0.81      0.64      0.68       878

Tue, 14 Feb 2017 15:07:14 data_sa.py[line:359] INFO for the strategy:C
Tue, 14 Feb 2017 15:07:14 data_sa.py[line:360] INFO KN:14	0.159947872162
Tue, 14 Feb 2017 15:07:14 data_sa.py[line:364] INFO 
             precision    recall  f1-score   support

        351       0.25      0.88      0.39        26
        352       0.84      1.00      0.91       174
        353       0.65      0.66      0.66        95
        354       0.80      0.45      0.58       243
        355       0.06      0.06      0.06        35
        356       0.00      0.00      0.00         9
        357       0.92      0.40      0.56       162
        358       0.73      1.00      0.85        33
        359       0.00      0.00      0.00        18
        360       0.82      0.96      0.89        83

avg / total       0.74      0.63      0.64       878

Tue, 14 Feb 2017 15:07:18 data_sa.py[line:359] INFO for the strategy:R
Tue, 14 Feb 2017 15:07:18 data_sa.py[line:360] INFO KN:14	3.64649391174
Tue, 14 Feb 2017 15:07:18 data_sa.py[line:364] INFO 
             precision    recall  f1-score   support

        351       0.28      0.81      0.42        26
        352       0.96      0.87      0.92       174
        353       0.51      0.38      0.44        95
        354       0.97      0.50      0.66       243
        355       0.32      0.77      0.45        35
        356       0.00      0.00      0.00         9
        357       0.92      0.53      0.67       162
        358       0.34      0.82      0.48        33
        359       0.00      0.00      0.00        18
        360       0.86      0.99      0.92        83

avg / total       0.80      0.63      0.67       878

Tue, 14 Feb 2017 15:07:20 data_sa.py[line:359] INFO for the strategy:C
Tue, 14 Feb 2017 15:07:20 data_sa.py[line:360] INFO KN:16	0.163064956665
Tue, 14 Feb 2017 15:07:20 data_sa.py[line:364] INFO 
             precision    recall  f1-score   support

        351       0.28      1.00      0.43        26
        352       0.96      0.87      0.92       174
        353       0.95      0.42      0.58        95
        354       0.80      0.40      0.53       243
        355       0.38      0.94      0.54        35
        356       0.00      0.00      0.00         9
        357       0.91      0.43      0.59       162
        358       0.29      1.00      0.45        33
        359       0.00      0.00      0.00        18
        360       0.87      0.98      0.92        83

avg / total       0.80      0.60      0.64       878

Tue, 14 Feb 2017 15:07:25 data_sa.py[line:359] INFO for the strategy:R
Tue, 14 Feb 2017 15:07:25 data_sa.py[line:360] INFO KN:16	3.72415995598
Tue, 14 Feb 2017 15:07:25 data_sa.py[line:364] INFO 
             precision    recall  f1-score   support

        351       0.29      0.88      0.44        26
        352       0.96      0.87      0.92       174
        353       0.67      0.61      0.64        95
        354       0.96      0.49      0.65       243
        355       0.09      0.17      0.12        35
        356       0.00      0.00      0.00         9
        357       0.93      0.54      0.68       162
        358       0.38      0.94      0.54        33
        359       0.00      0.00      0.00        18
        360       0.86      0.99      0.92        83

avg / total       0.81      0.64      0.68       878

Tue, 14 Feb 2017 15:07:27 data_sa.py[line:359] INFO for the strategy:C
Tue, 14 Feb 2017 15:07:27 data_sa.py[line:360] INFO KN:15	0.163150072098
Tue, 14 Feb 2017 15:07:27 data_sa.py[line:364] INFO 
             precision    recall  f1-score   support

        351       0.30      1.00      0.46        26
        352       0.96      0.87      0.91       174
        353       0.66      0.65      0.66        95
        354       0.96      0.53      0.68       243
        355       0.06      0.06      0.06        35
        356       0.00      0.00      0.00         9
        357       0.93      0.55      0.69       162
        358       0.40      1.00      0.57        33
        359       0.00      0.00      0.00        18
        360       0.86      0.99      0.92        83

avg / total       0.81      0.65      0.69       878

Tue, 14 Feb 2017 15:07:31 data_sa.py[line:359] INFO for the strategy:R
Tue, 14 Feb 2017 15:07:31 data_sa.py[line:360] INFO KN:15	3.52928209305
Tue, 14 Feb 2017 15:07:31 data_sa.py[line:364] INFO 
             precision    recall  f1-score   support

        351       0.32      0.96      0.48        26
        352       0.98      0.87      0.92       174
        353       0.53      0.41      0.46        95
        354       0.96      0.50      0.66       243
        355       0.35      0.83      0.49        35
        356       0.00      0.00      0.00         9
        357       0.92      0.51      0.65       162
        358       0.35      0.85      0.50        33
        359       0.00      0.00      0.00        18
        360       0.86      0.98      0.92        83

avg / total       0.80      0.63      0.67       878

Tue, 14 Feb 2017 15:07:33 data_sa.py[line:359] INFO for the strategy:C
Tue, 14 Feb 2017 15:07:33 data_sa.py[line:360] INFO KN:45	0.161539077759
Tue, 14 Feb 2017 15:07:33 data_sa.py[line:364] INFO 
             precision    recall  f1-score   support

        351       0.32      1.00      0.49        26
        352       1.00      0.99      0.99       174
        353       1.00      0.33      0.49        95
        354       0.96      0.51      0.66       243
        355       0.37      0.94      0.53        35
        356       0.00      0.00      0.00         9
        357       0.93      0.53      0.68       162
        358       0.39      1.00      0.56        33
        359       0.00      0.00      0.00        18
        360       0.84      0.99      0.91        83

avg / total       0.86      0.67      0.70       878

Tue, 14 Feb 2017 15:07:38 data_sa.py[line:359] INFO for the strategy:R
Tue, 14 Feb 2017 15:07:38 data_sa.py[line:360] INFO KN:45	3.678429842
Tue, 14 Feb 2017 15:07:38 data_sa.py[line:364] INFO 
             precision    recall  f1-score   support

        351       0.33      0.96      0.49        26
        352       0.96      0.87      0.92       174
        353       0.54      0.39      0.45        95
        354       0.96      0.50      0.66       243
        355       0.34      0.83      0.48        35
        356       0.00      0.00      0.00         9
        357       0.93      0.54      0.68       162
        358       0.37      0.88      0.52        33
        359       0.00      0.00      0.00        18
        360       0.86      0.99      0.92        83

avg / total       0.80      0.64      0.68       878

