Tue, 14 Feb 2017 14:52:42 data_sa.py[line:290] INFO for the strategy:C
Tue, 14 Feb 2017 14:52:42 data_sa.py[line:291] INFO KN:48	0.160707950592
Tue, 14 Feb 2017 14:52:42 data_sa.py[line:295] INFO 
             precision    recall  f1-score   support

          1       0.78      0.93      0.84        67
          2       0.47      0.49      0.48        63
          3       0.97      0.80      0.88        75
          4       0.98      0.98      0.98       128
          5       0.77      0.46      0.58       160
          6       0.00      0.00      0.00        18
          7       0.59      0.94      0.72        47
          8       0.02      0.07      0.03        14
          9       0.96      0.59      0.73        82
         10       0.67      0.50      0.57        36

avg / total       0.77      0.67      0.70       690

Tue, 14 Feb 2017 14:52:45 data_sa.py[line:290] INFO for the strategy:R
Tue, 14 Feb 2017 14:52:45 data_sa.py[line:291] INFO KN:48	1.45506501198
Tue, 14 Feb 2017 14:52:45 data_sa.py[line:295] INFO 
             precision    recall  f1-score   support

          1       0.90      0.91      0.90        67
          2       0.18      0.03      0.05        63
          3       0.19      0.04      0.07        75
          4       0.86      0.98      0.92       128
          5       0.45      0.67      0.54       160
          6       0.33      0.22      0.27        18
          7       0.00      0.00      0.00        47
          8       0.09      0.07      0.08        14
          9       0.32      0.54      0.40        82
         10       0.50      0.50      0.50        36

avg / total       0.46      0.53      0.48       690

Tue, 14 Feb 2017 14:52:46 data_sa.py[line:290] INFO for the strategy:C
Tue, 14 Feb 2017 14:52:46 data_sa.py[line:291] INFO KN:21	0.157819032669
Tue, 14 Feb 2017 14:52:46 data_sa.py[line:295] INFO 
             precision    recall  f1-score   support

          1       0.98      0.91      0.95        67
          2       0.53      0.63      0.58        63
          3       0.95      0.76      0.84        75
          4       0.98      0.98      0.98       128
          5       0.75      0.46      0.57       160
          6       0.00      0.00      0.00        18
          7       0.62      0.94      0.75        47
          8       0.02      0.07      0.03        14
          9       0.94      0.59      0.72        82
         10       0.75      0.75      0.75        36

avg / total       0.80      0.69      0.73       690

Tue, 14 Feb 2017 14:52:49 data_sa.py[line:290] INFO for the strategy:R
Tue, 14 Feb 2017 14:52:49 data_sa.py[line:291] INFO KN:21	1.48820900917
Tue, 14 Feb 2017 14:52:49 data_sa.py[line:295] INFO 
             precision    recall  f1-score   support

          1       0.58      0.93      0.71        67
          2       0.25      0.08      0.12        63
          3       0.37      0.75      0.50        75
          4       0.92      0.98      0.95       128
          5       0.67      0.29      0.41       160
          6       0.44      0.22      0.30        18
          7       0.00      0.00      0.00        47
          8       0.08      0.07      0.07        14
          9       0.27      0.55      0.36        82
         10       0.25      0.08      0.12        36

avg / total       0.50      0.51      0.46       690

Tue, 14 Feb 2017 14:52:50 data_sa.py[line:290] INFO for the strategy:C
Tue, 14 Feb 2017 14:52:50 data_sa.py[line:291] INFO KN:24	0.160318136215
Tue, 14 Feb 2017 14:52:50 data_sa.py[line:295] INFO 
             precision    recall  f1-score   support

          1       0.98      0.91      0.95        67
          2       0.47      0.49      0.48        63
          3       0.97      0.79      0.87        75
          4       0.98      0.98      0.98       128
          5       0.77      0.47      0.58       160
          6       0.00      0.00      0.00        18
          7       0.48      0.94      0.64        47
          8       0.02      0.07      0.03        14
          9       0.94      0.59      0.72        82
         10       0.67      0.50      0.57        36

avg / total       0.78      0.67      0.71       690

Tue, 14 Feb 2017 14:52:52 data_sa.py[line:290] INFO for the strategy:R
Tue, 14 Feb 2017 14:52:52 data_sa.py[line:291] INFO KN:24	1.47563910484
Tue, 14 Feb 2017 14:52:53 data_sa.py[line:295] INFO 
             precision    recall  f1-score   support

          1       0.10      0.01      0.03        67
          2       0.74      0.49      0.59        63
          3       0.86      0.72      0.78        75
          4       0.51      0.99      0.68       128
          5       0.73      0.22      0.34       160
          6       0.27      0.22      0.24        18
          7       0.32      0.98      0.48        47
          8       0.17      0.14      0.15        14
          9       0.42      0.10      0.16        82
         10       0.20      0.50      0.28        36

avg / total       0.53      0.47      0.42       690

Tue, 14 Feb 2017 14:52:54 data_sa.py[line:290] INFO for the strategy:C
Tue, 14 Feb 2017 14:52:54 data_sa.py[line:291] INFO KN:47	0.160757780075
Tue, 14 Feb 2017 14:52:54 data_sa.py[line:295] INFO 
             precision    recall  f1-score   support

          1       0.98      0.91      0.95        67
          2       0.51      0.60      0.55        63
          3       0.77      0.80      0.78        75
          4       0.96      0.98      0.97       128
          5       0.84      0.47      0.61       160
          6       0.00      0.00      0.00        18
          7       0.64      0.94      0.76        47
          8       0.02      0.07      0.03        14
          9       0.94      0.59      0.72        82
         10       0.67      0.50      0.57        36

avg / total       0.79      0.68      0.72       690

Tue, 14 Feb 2017 14:52:56 data_sa.py[line:290] INFO for the strategy:R
Tue, 14 Feb 2017 14:52:56 data_sa.py[line:291] INFO KN:47	1.45738601685
Tue, 14 Feb 2017 14:52:56 data_sa.py[line:295] INFO 
             precision    recall  f1-score   support

          1       0.34      0.91      0.49        67
          2       0.25      0.03      0.06        63
          3       0.25      0.03      0.05        75
          4       0.68      0.98      0.81       128
          5       0.66      0.75      0.70       160
          6       0.50      0.22      0.31        18
          7       0.00      0.00      0.00        47
          8       0.07      0.07      0.07        14
          9       0.84      0.56      0.67        82
         10       0.61      0.61      0.61        36

avg / total       0.51      0.56      0.49       690

Tue, 14 Feb 2017 14:52:58 data_sa.py[line:290] INFO for the strategy:C
Tue, 14 Feb 2017 14:52:58 data_sa.py[line:291] INFO KN:6	0.16046500206
Tue, 14 Feb 2017 14:52:58 data_sa.py[line:295] INFO 
             precision    recall  f1-score   support

          1       0.77      0.93      0.84        67
          2       0.47      0.49      0.48        63
          3       0.94      0.77      0.85        75
          4       0.86      0.99      0.92       128
          5       0.96      0.47      0.64       160
          6       0.00      0.00      0.00        18
          7       0.59      0.94      0.72        47
          8       0.02      0.07      0.03        14
          9       0.96      0.59      0.73        82
         10       0.67      0.50      0.57        36

avg / total       0.79      0.67      0.70       690

Tue, 14 Feb 2017 14:53:00 data_sa.py[line:290] INFO for the strategy:R
Tue, 14 Feb 2017 14:53:00 data_sa.py[line:291] INFO KN:6	1.49810218811
Tue, 14 Feb 2017 14:53:00 data_sa.py[line:295] INFO 
             precision    recall  f1-score   support

          1       0.30      0.97      0.46        67
          2       0.25      0.03      0.06        63
          3       0.86      0.75      0.80        75
          4       0.88      0.98      0.93       128
          5       0.89      0.46      0.60       160
          6       0.17      0.11      0.13        18
          7       0.47      0.94      0.63        47
          8       0.07      0.07      0.07        14
          9       0.47      0.10      0.16        82
         10       0.53      0.56      0.54        36

avg / total       0.64      0.58      0.54       690

Tue, 14 Feb 2017 14:53:02 data_sa.py[line:290] INFO for the strategy:C
Tue, 14 Feb 2017 14:53:02 data_sa.py[line:291] INFO KN:29	0.16081905365
Tue, 14 Feb 2017 14:53:02 data_sa.py[line:295] INFO 
             precision    recall  f1-score   support

          1       0.77      0.93      0.84        67
          2       0.47      0.49      0.48        63
          3       0.94      0.77      0.85        75
          4       0.86      0.99      0.92       128
          5       0.96      0.47      0.64       160
          6       0.00      0.00      0.00        18
          7       0.59      0.94      0.72        47
          8       0.02      0.07      0.03        14
          9       0.96      0.59      0.73        82
         10       0.67      0.50      0.57        36

avg / total       0.79      0.67      0.70       690

Tue, 14 Feb 2017 14:53:04 data_sa.py[line:290] INFO for the strategy:R
Tue, 14 Feb 2017 14:53:04 data_sa.py[line:291] INFO KN:29	1.44389295578
Tue, 14 Feb 2017 14:53:04 data_sa.py[line:295] INFO 
             precision    recall  f1-score   support

          1       0.00      0.00      0.00        67
          2       0.76      0.49      0.60        63
          3       0.34      0.75      0.47        75
          4       0.52      0.99      0.68       128
          5       0.50      0.51      0.51       160
          6       0.44      0.22      0.30        18
          7       0.00      0.00      0.00        47
          8       0.00      0.00      0.00        14
          9       0.42      0.10      0.16        82
         10       0.43      0.08      0.14        36

avg / total       0.40      0.45      0.38       690

Tue, 14 Feb 2017 14:53:06 data_sa.py[line:290] INFO for the strategy:C
Tue, 14 Feb 2017 14:53:06 data_sa.py[line:291] INFO KN:38	0.160102128983
Tue, 14 Feb 2017 14:53:06 data_sa.py[line:295] INFO 
             precision    recall  f1-score   support

          1       0.98      0.91      0.95        67
          2       0.47      0.49      0.48        63
          3       0.94      0.77      0.85        75
          4       0.86      0.99      0.92       128
          5       0.97      0.46      0.62       160
          6       0.00      0.00      0.00        18
          7       0.48      0.94      0.64        47
          8       0.02      0.07      0.03        14
          9       0.94      0.59      0.72        82
         10       0.67      0.50      0.57        36

avg / total       0.81      0.67      0.70       690

Tue, 14 Feb 2017 14:53:08 data_sa.py[line:290] INFO for the strategy:R
Tue, 14 Feb 2017 14:53:08 data_sa.py[line:291] INFO KN:38	1.39292311668
Tue, 14 Feb 2017 14:53:08 data_sa.py[line:295] INFO 
             precision    recall  f1-score   support

          1       0.74      0.91      0.82        67
          2       0.40      0.57      0.47        63
          3       0.59      0.75      0.66        75
          4       0.91      0.98      0.95       128
          5       0.90      0.45      0.60       160
          6       0.29      0.22      0.25        18
          7       0.69      0.94      0.79        47
          8       0.00      0.00      0.00        14
          9       0.90      0.56      0.69        82
         10       0.05      0.08      0.06        36

avg / total       0.71      0.65      0.65       690

Tue, 14 Feb 2017 14:53:10 data_sa.py[line:290] INFO for the strategy:C
Tue, 14 Feb 2017 14:53:10 data_sa.py[line:291] INFO KN:33	0.159359931946
Tue, 14 Feb 2017 14:53:10 data_sa.py[line:295] INFO 
             precision    recall  f1-score   support

          1       0.78      0.93      0.84        67
          2       0.47      0.49      0.48        63
          3       0.97      0.80      0.88        75
          4       0.98      0.98      0.98       128
          5       0.78      0.47      0.59       160
          6       0.00      0.00      0.00        18
          7       0.59      0.94      0.72        47
          8       0.02      0.07      0.03        14
          9       0.96      0.59      0.73        82
         10       0.67      0.50      0.57        36

avg / total       0.77      0.68      0.71       690

Tue, 14 Feb 2017 14:53:12 data_sa.py[line:290] INFO for the strategy:R
Tue, 14 Feb 2017 14:53:12 data_sa.py[line:291] INFO KN:33	1.43691301346
Tue, 14 Feb 2017 14:53:12 data_sa.py[line:295] INFO 
             precision    recall  f1-score   support

          1       0.80      0.91      0.85        67
          2       0.40      0.52      0.46        63
          3       0.85      0.75      0.79        75
          4       0.66      0.98      0.79       128
          5       0.89      0.46      0.60       160
          6       0.44      0.22      0.30        18
          7       0.36      0.94      0.52        47
          8       0.00      0.00      0.00        14
          9       0.25      0.04      0.06        82
         10       0.45      0.53      0.49        36

avg / total       0.63      0.61      0.57       690

Tue, 14 Feb 2017 14:53:14 data_sa.py[line:290] INFO for the strategy:C
Tue, 14 Feb 2017 14:53:14 data_sa.py[line:291] INFO KN:1	0.162171840668
Tue, 14 Feb 2017 14:53:14 data_sa.py[line:295] INFO 
             precision    recall  f1-score   support

          1       0.98      0.91      0.95        67
          2       0.53      0.65      0.59        63
          3       0.86      0.79      0.82        75
          4       0.89      0.99      0.94       128
          5       0.96      0.47      0.64       160
          6       0.00      0.00      0.00        18
          7       0.65      0.94      0.77        47
          8       0.02      0.07      0.03        14
          9       0.94      0.59      0.72        82
         10       0.75      0.75      0.75        36

avg / total       0.82      0.70      0.73       690

Tue, 14 Feb 2017 14:53:16 data_sa.py[line:290] INFO for the strategy:R
Tue, 14 Feb 2017 14:53:16 data_sa.py[line:291] INFO KN:1	1.46671080589
Tue, 14 Feb 2017 14:53:16 data_sa.py[line:295] INFO 
             precision    recall  f1-score   support

          1       0.34      0.94      0.49        67
          2       0.73      0.51      0.60        63
          3       0.22      0.03      0.05        75
          4       0.64      0.99      0.78       128
          5       0.74      0.30      0.43       160
          6       0.15      0.11      0.13        18
          7       0.41      0.94      0.57        47
          8       0.00      0.00      0.00        14
          9       0.44      0.09      0.14        82
         10       0.49      0.56      0.52        36

avg / total       0.52      0.50      0.44       690

Tue, 14 Feb 2017 14:53:18 data_sa.py[line:290] INFO for the strategy:C
Tue, 14 Feb 2017 14:53:18 data_sa.py[line:291] INFO KN:5	0.159291982651
Tue, 14 Feb 2017 14:53:18 data_sa.py[line:295] INFO 
             precision    recall  f1-score   support

          1       0.78      0.93      0.84        67
          2       0.47      0.49      0.48        63
          3       0.97      0.80      0.88        75
          4       0.98      0.98      0.98       128
          5       0.78      0.47      0.59       160
          6       0.00      0.00      0.00        18
          7       0.59      0.94      0.72        47
          8       0.02      0.07      0.03        14
          9       0.96      0.59      0.73        82
         10       0.67      0.50      0.57        36

avg / total       0.77      0.68      0.71       690

Tue, 14 Feb 2017 14:53:20 data_sa.py[line:290] INFO for the strategy:R
Tue, 14 Feb 2017 14:53:20 data_sa.py[line:291] INFO KN:5	1.42400312424
Tue, 14 Feb 2017 14:53:20 data_sa.py[line:295] INFO 
             precision    recall  f1-score   support

          1       0.58      0.93      0.72        67
          2       0.67      0.52      0.59        63
          3       0.29      0.76      0.42        75
          4       0.93      0.98      0.95       128
          5       0.66      0.29      0.41       160
          6       0.44      0.22      0.30        18
          7       0.00      0.00      0.00        47
          8       0.11      0.07      0.09        14
          9       0.80      0.57      0.67        82
         10       0.49      0.56      0.52        36

avg / total       0.61      0.58      0.56       690

Tue, 14 Feb 2017 14:57:42 data_sa.py[line:357] INFO for the strategy:R
Tue, 14 Feb 2017 14:57:42 data_sa.py[line:358] INFO KN:5	21.0174798965
Tue, 14 Feb 2017 14:57:42 data_sa.py[line:362] INFO 
             precision    recall  f1-score   support

          1       0.76      0.91      0.83        67
          2       0.55      0.49      0.52        63
          3       0.78      0.75      0.76        75
          4       0.58      0.99      0.73       128
          5       0.95      0.45      0.61       160
          6       0.18      0.17      0.17        18
          7       0.72      0.94      0.81        47
          8       0.33      0.07      0.12        14
          9       0.79      0.56      0.66        82
         10       0.04      0.06      0.05        36

avg / total       0.69      0.64      0.63       690

Tue, 14 Feb 2017 14:58:23 data_sa.py[line:357] INFO for the strategy:R
Tue, 14 Feb 2017 14:58:23 data_sa.py[line:358] INFO KN:12	21.6836969852
Tue, 14 Feb 2017 14:58:23 data_sa.py[line:362] INFO 
             precision    recall  f1-score   support

          1       0.91      0.91      0.91        67
          2       0.12      0.16      0.14        63
          3       0.12      0.01      0.02        75
          4       0.85      0.98      0.91       128
          5       0.49      0.66      0.56       160
          6       0.11      0.06      0.07        18
          7       0.69      0.94      0.79        47
          8       0.00      0.00      0.00        14
          9       0.81      0.52      0.64        82
         10       0.55      0.58      0.57        36

avg / total       0.56      0.60      0.56       690

Tue, 14 Feb 2017 15:02:45 data_sa.py[line:359] INFO for the strategy:R
Tue, 14 Feb 2017 15:02:45 data_sa.py[line:360] INFO KN:12	21.4749519825
Tue, 14 Feb 2017 15:02:45 data_sa.py[line:364] INFO 
             precision    recall  f1-score   support

          1       0.57      0.93      0.70        67
          2       0.44      0.06      0.11        63
          3       0.96      0.72      0.82        75
          4       0.52      0.99      0.68       128
          5       0.62      0.51      0.56       160
          6       0.25      0.17      0.20        18
          7       0.00      0.00      0.00        47
          8       0.00      0.00      0.00        14
          9       1.00      0.02      0.05        82
         10       0.16      0.53      0.25        36

avg / total       0.57      0.51      0.45       690

Tue, 14 Feb 2017 15:03:53 data_sa.py[line:359] INFO for the strategy:R
Tue, 14 Feb 2017 15:03:53 data_sa.py[line:360] INFO KN:32	22.3837690353
Tue, 14 Feb 2017 15:03:53 data_sa.py[line:364] INFO 
             precision    recall  f1-score   support

          1       0.29      0.93      0.44        67
          2       0.57      0.65      0.61        63
          3       0.79      0.75      0.77        75
          4       0.60      0.98      0.74       128
          5       0.78      0.29      0.43       160
          6       0.33      0.06      0.10        18
          7       0.00      0.00      0.00        47
          8       0.33      0.14      0.20        14
          9       0.04      0.02      0.03        82
         10       0.00      0.00      0.00        36

avg / total       0.48      0.49      0.43       690

Tue, 14 Feb 2017 15:04:20 data_sa.py[line:359] INFO for the strategy:R
Tue, 14 Feb 2017 15:04:20 data_sa.py[line:360] INFO KN:32	1.44346904755
Tue, 14 Feb 2017 15:04:20 data_sa.py[line:364] INFO 
             precision    recall  f1-score   support

          1       0.00      0.00      0.00        67
          2       0.11      0.13      0.12        63
          3       0.78      0.72      0.75        75
          4       0.44      0.98      0.61       128
          5       0.87      0.45      0.59       160
          6       0.13      0.11      0.12        18
          7       0.04      0.04      0.04        47
          8       0.11      0.07      0.09        14
          9       0.81      0.54      0.65        82
         10       0.50      0.50      0.50        36

avg / total       0.51      0.47      0.45       690

Tue, 14 Feb 2017 15:04:25 data_sa.py[line:359] INFO for the strategy:R
Tue, 14 Feb 2017 15:04:25 data_sa.py[line:360] INFO KN:32	1.47024416924
Tue, 14 Feb 2017 15:04:25 data_sa.py[line:364] INFO 
             precision    recall  f1-score   support

          1       0.00      0.00      0.00        67
          2       0.69      0.52      0.59        63
          3       0.37      0.73      0.49        75
          4       0.45      0.98      0.62       128
          5       0.73      0.31      0.43       160
          6       0.44      0.22      0.30        18
          7       0.00      0.00      0.00        47
          8       0.04      0.14      0.07        14
          9       0.81      0.61      0.69        82
         10       0.21      0.08      0.12        36

avg / total       0.48      0.47      0.42       690

Tue, 14 Feb 2017 15:04:29 data_sa.py[line:359] INFO for the strategy:R
Tue, 14 Feb 2017 15:04:29 data_sa.py[line:360] INFO KN:32	1.45352005959
Tue, 14 Feb 2017 15:04:29 data_sa.py[line:364] INFO 
             precision    recall  f1-score   support

          1       0.92      0.91      0.92        67
          2       0.31      0.06      0.11        63
          3       0.09      0.01      0.02        75
          4       0.57      0.98      0.72       128
          5       0.70      0.96      0.81       160
          6       0.44      0.22      0.30        18
          7       0.66      0.98      0.79        47
          8       0.11      0.07      0.09        14
          9       0.78      0.55      0.64        82
         10       0.21      0.08      0.12        36

avg / total       0.56      0.64      0.57       690

Tue, 14 Feb 2017 15:04:55 data_sa.py[line:359] INFO for the strategy:R
Tue, 14 Feb 2017 15:04:55 data_sa.py[line:360] INFO KN:32	1.45914101601
Tue, 14 Feb 2017 15:04:55 data_sa.py[line:364] INFO 
             precision    recall  f1-score   support

          1       0.98      0.91      0.95        67
          2       0.51      0.51      0.51        63
          3       0.94      0.79      0.86        75
          4       0.97      0.98      0.98       128
          5       0.80      0.46      0.59       160
          6       0.00      0.00      0.00        18
          7       0.52      0.94      0.67        47
          8       0.02      0.07      0.03        14
          9       0.94      0.59      0.72        82
         10       0.47      0.50      0.49        36

avg / total       0.78      0.67      0.71       690

Tue, 14 Feb 2017 15:04:59 data_sa.py[line:359] INFO for the strategy:R
Tue, 14 Feb 2017 15:04:59 data_sa.py[line:360] INFO KN:32	1.47531700134
Tue, 14 Feb 2017 15:04:59 data_sa.py[line:364] INFO 
             precision    recall  f1-score   support

          1       0.98      0.91      0.95        67
          2       0.51      0.51      0.51        63
          3       0.94      0.79      0.86        75
          4       0.97      0.98      0.98       128
          5       0.80      0.46      0.59       160
          6       0.00      0.00      0.00        18
          7       0.52      0.94      0.67        47
          8       0.02      0.07      0.03        14
          9       0.94      0.59      0.72        82
         10       0.47      0.50      0.49        36

avg / total       0.78      0.67      0.71       690

Tue, 14 Feb 2017 15:05:10 data_sa.py[line:359] INFO for the strategy:R
Tue, 14 Feb 2017 15:05:10 data_sa.py[line:360] INFO KN:20	1.47876405716
Tue, 14 Feb 2017 15:05:10 data_sa.py[line:364] INFO 
             precision    recall  f1-score   support

          1       0.98      0.91      0.95        67
          2       0.50      0.51      0.50        63
          3       0.94      0.77      0.85        75
          4       0.98      0.98      0.98       128
          5       0.80      0.46      0.58       160
          6       0.00      0.00      0.00        18
          7       0.51      0.94      0.66        47
          8       0.02      0.07      0.03        14
          9       0.94      0.59      0.72        82
         10       0.51      0.53      0.52        36

avg / total       0.78      0.67      0.71       690

Tue, 14 Feb 2017 15:07:59 data_sa.py[line:359] INFO for the strategy:C
Tue, 14 Feb 2017 15:07:59 data_sa.py[line:360] INFO KN:47	0.159570217133
Tue, 14 Feb 2017 15:07:59 data_sa.py[line:364] INFO 
             precision    recall  f1-score   support

          1       0.98      0.91      0.95        67
          2       0.51      0.60      0.55        63
          3       0.77      0.80      0.78        75
          4       0.96      0.98      0.97       128
          5       0.84      0.47      0.61       160
          6       0.00      0.00      0.00        18
          7       0.64      0.94      0.76        47
          8       0.02      0.07      0.03        14
          9       0.94      0.59      0.72        82
         10       0.67      0.50      0.57        36

avg / total       0.79      0.68      0.72       690

Tue, 14 Feb 2017 15:08:01 data_sa.py[line:359] INFO for the strategy:R
Tue, 14 Feb 2017 15:08:01 data_sa.py[line:360] INFO KN:47	1.42769789696
Tue, 14 Feb 2017 15:08:01 data_sa.py[line:364] INFO 
             precision    recall  f1-score   support

          1       0.98      0.91      0.95        67
          2       0.50      0.51      0.50        63
          3       0.94      0.79      0.86        75
          4       0.98      0.98      0.98       128
          5       0.81      0.46      0.58       160
          6       0.00      0.00      0.00        18
          7       0.52      0.94      0.67        47
          8       0.02      0.07      0.03        14
          9       0.96      0.57      0.72        82
         10       0.55      0.64      0.59        36

avg / total       0.79      0.68      0.71       690

Tue, 14 Feb 2017 15:08:03 data_sa.py[line:359] INFO for the strategy:C
Tue, 14 Feb 2017 15:08:03 data_sa.py[line:360] INFO KN:41	0.157596826553
Tue, 14 Feb 2017 15:08:03 data_sa.py[line:364] INFO 
             precision    recall  f1-score   support

          1       0.98      0.91      0.95        67
          2       0.51      0.60      0.55        63
          3       0.94      0.77      0.85        75
          4       0.86      0.99      0.92       128
          5       0.96      0.47      0.64       160
          6       0.00      0.00      0.00        18
          7       0.54      0.94      0.68        47
          8       0.02      0.07      0.03        14
          9       0.94      0.59      0.72        82
         10       0.67      0.50      0.57        36

avg / total       0.81      0.68      0.72       690

Tue, 14 Feb 2017 15:08:05 data_sa.py[line:359] INFO for the strategy:R
Tue, 14 Feb 2017 15:08:05 data_sa.py[line:360] INFO KN:41	1.42102193832
Tue, 14 Feb 2017 15:08:05 data_sa.py[line:364] INFO 
             precision    recall  f1-score   support

          1       1.00      0.91      0.95        67
          2       0.52      0.51      0.51        63
          3       0.94      0.79      0.86        75
          4       0.97      0.98      0.98       128
          5       0.80      0.46      0.59       160
          6       0.00      0.00      0.00        18
          7       0.51      0.94      0.66        47
          8       0.02      0.07      0.03        14
          9       0.94      0.59      0.72        82
         10       0.50      0.58      0.54        36

avg / total       0.79      0.68      0.71       690

Tue, 14 Feb 2017 15:08:07 data_sa.py[line:359] INFO for the strategy:C
Tue, 14 Feb 2017 15:08:07 data_sa.py[line:360] INFO KN:33	0.160140991211
Tue, 14 Feb 2017 15:08:07 data_sa.py[line:364] INFO 
             precision    recall  f1-score   support

          1       0.78      0.93      0.84        67
          2       0.47      0.49      0.48        63
          3       0.97      0.80      0.88        75
          4       0.98      0.98      0.98       128
          5       0.78      0.47      0.59       160
          6       0.00      0.00      0.00        18
          7       0.59      0.94      0.72        47
          8       0.02      0.07      0.03        14
          9       0.96      0.59      0.73        82
         10       0.67      0.50      0.57        36

avg / total       0.77      0.68      0.71       690

Tue, 14 Feb 2017 15:08:09 data_sa.py[line:359] INFO for the strategy:R
Tue, 14 Feb 2017 15:08:09 data_sa.py[line:360] INFO KN:33	1.49135398865
Tue, 14 Feb 2017 15:08:09 data_sa.py[line:364] INFO 
             precision    recall  f1-score   support

          1       0.98      0.91      0.95        67
          2       0.49      0.51      0.50        63
          3       0.94      0.77      0.85        75
          4       0.98      0.98      0.98       128
          5       0.80      0.46      0.58       160
          6       0.00      0.00      0.00        18
          7       0.51      0.94      0.66        47
          8       0.02      0.07      0.03        14
          9       0.94      0.57      0.71        82
         10       0.51      0.53      0.52        36

avg / total       0.78      0.67      0.70       690

Tue, 14 Feb 2017 15:08:11 data_sa.py[line:359] INFO for the strategy:C
Tue, 14 Feb 2017 15:08:11 data_sa.py[line:360] INFO KN:14	0.160975933075
Tue, 14 Feb 2017 15:08:11 data_sa.py[line:364] INFO 
             precision    recall  f1-score   support

          1       0.77      0.93      0.84        67
          2       0.47      0.49      0.48        63
          3       0.94      0.77      0.85        75
          4       0.86      0.99      0.92       128
          5       0.96      0.47      0.64       160
          6       0.00      0.00      0.00        18
          7       0.59      0.94      0.72        47
          8       0.02      0.07      0.03        14
          9       0.96      0.59      0.73        82
         10       0.67      0.50      0.57        36

avg / total       0.79      0.67      0.70       690

Tue, 14 Feb 2017 15:08:13 data_sa.py[line:359] INFO for the strategy:R
Tue, 14 Feb 2017 15:08:13 data_sa.py[line:360] INFO KN:14	1.48796010017
Tue, 14 Feb 2017 15:08:13 data_sa.py[line:364] INFO 
             precision    recall  f1-score   support

          1       0.98      0.91      0.95        67
          2       0.48      0.51      0.49        63
          3       0.94      0.79      0.86        75
          4       0.98      0.98      0.98       128
          5       0.80      0.46      0.58       160
          6       0.00      0.00      0.00        18
          7       0.52      0.94      0.67        47
          8       0.02      0.07      0.03        14
          9       0.94      0.57      0.71        82
         10       0.54      0.56      0.55        36

avg / total       0.78      0.67      0.71       690

Tue, 14 Feb 2017 15:08:15 data_sa.py[line:359] INFO for the strategy:C
Tue, 14 Feb 2017 15:08:15 data_sa.py[line:360] INFO KN:6	0.15772986412
Tue, 14 Feb 2017 15:08:15 data_sa.py[line:364] INFO 
             precision    recall  f1-score   support

          1       0.77      0.93      0.84        67
          2       0.47      0.49      0.48        63
          3       0.94      0.77      0.85        75
          4       0.86      0.99      0.92       128
          5       0.96      0.47      0.64       160
          6       0.00      0.00      0.00        18
          7       0.59      0.94      0.72        47
          8       0.02      0.07      0.03        14
          9       0.96      0.59      0.73        82
         10       0.67      0.50      0.57        36

avg / total       0.79      0.67      0.70       690

Tue, 14 Feb 2017 15:08:17 data_sa.py[line:359] INFO for the strategy:R
Tue, 14 Feb 2017 15:08:17 data_sa.py[line:360] INFO KN:6	1.42579388618
Tue, 14 Feb 2017 15:08:17 data_sa.py[line:364] INFO 
             precision    recall  f1-score   support

          1       0.98      0.91      0.95        67
          2       0.52      0.51      0.51        63
          3       0.94      0.79      0.86        75
          4       0.97      0.98      0.98       128
          5       0.80      0.46      0.59       160
          6       0.00      0.00      0.00        18
          7       0.52      0.94      0.67        47
          8       0.02      0.07      0.03        14
          9       0.94      0.59      0.72        82
         10       0.45      0.56      0.50        36

avg / total       0.78      0.67      0.71       690

Tue, 14 Feb 2017 15:08:19 data_sa.py[line:359] INFO for the strategy:C
Tue, 14 Feb 2017 15:08:19 data_sa.py[line:360] INFO KN:11	0.16130399704
Tue, 14 Feb 2017 15:08:19 data_sa.py[line:364] INFO 
             precision    recall  f1-score   support

          1       0.98      0.91      0.95        67
          2       0.47      0.49      0.48        63
          3       0.94      0.77      0.85        75
          4       0.86      0.99      0.92       128
          5       0.97      0.46      0.62       160
          6       0.00      0.00      0.00        18
          7       0.48      0.94      0.64        47
          8       0.02      0.07      0.03        14
          9       0.94      0.59      0.72        82
         10       0.67      0.50      0.57        36

avg / total       0.81      0.67      0.70       690

Tue, 14 Feb 2017 15:08:21 data_sa.py[line:359] INFO for the strategy:R
Tue, 14 Feb 2017 15:08:21 data_sa.py[line:360] INFO KN:11	1.53691720963
Tue, 14 Feb 2017 15:08:21 data_sa.py[line:364] INFO 
             precision    recall  f1-score   support

          1       0.98      0.91      0.95        67
          2       0.49      0.51      0.50        63
          3       0.94      0.77      0.85        75
          4       0.97      0.98      0.98       128
          5       0.80      0.46      0.59       160
          6       0.00      0.00      0.00        18
          7       0.51      0.94      0.66        47
          8       0.02      0.07      0.03        14
          9       0.94      0.59      0.72        82
         10       0.57      0.56      0.56        36

avg / total       0.78      0.67      0.71       690

Tue, 14 Feb 2017 15:08:23 data_sa.py[line:359] INFO for the strategy:C
Tue, 14 Feb 2017 15:08:23 data_sa.py[line:360] INFO KN:22	0.161427021027
Tue, 14 Feb 2017 15:08:23 data_sa.py[line:364] INFO 
             precision    recall  f1-score   support

          1       1.00      0.91      0.95        67
          2       0.88      0.79      0.83        63
          3       0.89      0.79      0.84        75
          4       0.97      0.98      0.98       128
          5       0.82      0.46      0.59       160
          6       0.00      0.00      0.00        18
          7       0.66      0.94      0.77        47
          8       0.02      0.07      0.03        14
          9       0.96      0.98      0.97        82
         10       0.75      0.75      0.75        36

avg / total       0.84      0.76      0.78       690

Tue, 14 Feb 2017 15:08:25 data_sa.py[line:359] INFO for the strategy:R
Tue, 14 Feb 2017 15:08:25 data_sa.py[line:360] INFO KN:22	1.5069270134
Tue, 14 Feb 2017 15:08:25 data_sa.py[line:364] INFO 
             precision    recall  f1-score   support

          1       0.98      0.91      0.95        67
          2       0.49      0.51      0.50        63
          3       0.94      0.79      0.86        75
          4       0.97      0.98      0.98       128
          5       0.81      0.46      0.59       160
          6       0.00      0.00      0.00        18
          7       0.52      0.94      0.67        47
          8       0.02      0.07      0.03        14
          9       0.94      0.59      0.72        82
         10       0.53      0.53      0.53        36

avg / total       0.79      0.67      0.71       690

Tue, 14 Feb 2017 15:08:27 data_sa.py[line:359] INFO for the strategy:C
Tue, 14 Feb 2017 15:08:27 data_sa.py[line:360] INFO KN:36	0.160395860672
Tue, 14 Feb 2017 15:08:27 data_sa.py[line:364] INFO 
             precision    recall  f1-score   support

          1       0.98      0.91      0.95        67
          2       0.47      0.49      0.48        63
          3       0.94      0.77      0.85        75
          4       0.86      0.99      0.92       128
          5       0.97      0.46      0.62       160
          6       0.00      0.00      0.00        18
          7       0.48      0.94      0.64        47
          8       0.02      0.07      0.03        14
          9       0.94      0.59      0.72        82
         10       0.67      0.50      0.57        36

avg / total       0.81      0.67      0.70       690

Tue, 14 Feb 2017 15:08:29 data_sa.py[line:359] INFO for the strategy:R
Tue, 14 Feb 2017 15:08:29 data_sa.py[line:360] INFO KN:36	1.45831298828
Tue, 14 Feb 2017 15:08:29 data_sa.py[line:364] INFO 
             precision    recall  f1-score   support

          1       0.98      0.91      0.95        67
          2       0.52      0.51      0.51        63
          3       0.94      0.79      0.86        75
          4       0.97      0.98      0.98       128
          5       0.80      0.46      0.59       160
          6       0.00      0.00      0.00        18
          7       0.52      0.94      0.67        47
          8       0.02      0.07      0.03        14
          9       0.94      0.59      0.72        82
         10       0.49      0.53      0.51        36

avg / total       0.78      0.67      0.71       690

Tue, 14 Feb 2017 15:08:31 data_sa.py[line:359] INFO for the strategy:C
Tue, 14 Feb 2017 15:08:31 data_sa.py[line:360] INFO KN:29	0.159083127975
Tue, 14 Feb 2017 15:08:31 data_sa.py[line:364] INFO 
             precision    recall  f1-score   support

          1       0.77      0.93      0.84        67
          2       0.47      0.49      0.48        63
          3       0.94      0.77      0.85        75
          4       0.86      0.99      0.92       128
          5       0.96      0.47      0.64       160
          6       0.00      0.00      0.00        18
          7       0.59      0.94      0.72        47
          8       0.02      0.07      0.03        14
          9       0.96      0.59      0.73        82
         10       0.67      0.50      0.57        36

avg / total       0.79      0.67      0.70       690

Tue, 14 Feb 2017 15:08:34 data_sa.py[line:359] INFO for the strategy:R
Tue, 14 Feb 2017 15:08:34 data_sa.py[line:360] INFO KN:29	1.51772904396
Tue, 14 Feb 2017 15:08:34 data_sa.py[line:364] INFO 
             precision    recall  f1-score   support

          1       0.98      0.91      0.95        67
          2       0.48      0.49      0.48        63
          3       0.94      0.79      0.86        75
          4       0.97      0.98      0.98       128
          5       0.80      0.46      0.58       160
          6       0.00      0.00      0.00        18
          7       0.53      0.94      0.68        47
          8       0.02      0.07      0.03        14
          9       0.96      0.59      0.73        82
         10       0.56      0.56      0.56        36

avg / total       0.78      0.67      0.71       690

Tue, 14 Feb 2017 15:08:35 data_sa.py[line:359] INFO for the strategy:C
Tue, 14 Feb 2017 15:08:35 data_sa.py[line:360] INFO KN:14	0.158947944641
Tue, 14 Feb 2017 15:08:35 data_sa.py[line:364] INFO 
             precision    recall  f1-score   support

          1       0.77      0.93      0.84        67
          2       0.47      0.49      0.48        63
          3       0.94      0.77      0.85        75
          4       0.86      0.99      0.92       128
          5       0.96      0.47      0.64       160
          6       0.00      0.00      0.00        18
          7       0.59      0.94      0.72        47
          8       0.02      0.07      0.03        14
          9       0.96      0.59      0.73        82
         10       0.67      0.50      0.57        36

avg / total       0.79      0.67      0.70       690

Tue, 14 Feb 2017 15:08:37 data_sa.py[line:359] INFO for the strategy:R
Tue, 14 Feb 2017 15:08:37 data_sa.py[line:360] INFO KN:14	1.37941503525
Tue, 14 Feb 2017 15:08:37 data_sa.py[line:364] INFO 
             precision    recall  f1-score   support

          1       0.98      0.91      0.95        67
          2       0.51      0.51      0.51        63
          3       0.95      0.79      0.86        75
          4       0.98      0.98      0.98       128
          5       0.81      0.46      0.59       160
          6       0.00      0.00      0.00        18
          7       0.52      0.94      0.67        47
          8       0.02      0.07      0.03        14
          9       0.94      0.56      0.70        82
         10       0.48      0.61      0.54        36

avg / total       0.79      0.67      0.71       690

