Tue, 14 Feb 2017 15:09:07 data_sa.py[line:359] INFO for the strategy:C
Tue, 14 Feb 2017 15:09:07 data_sa.py[line:360] INFO KN:44	0.161481142044
Tue, 14 Feb 2017 15:09:07 data_sa.py[line:364] INFO 
             precision    recall  f1-score   support

         54       0.97      0.82      0.89        34
         58       0.94      1.00      0.97        29
         77       0.31      0.89      0.46         9
         78       0.93      0.93      0.93        30
         82       0.92      0.94      0.93        35
         94       0.04      0.07      0.05        29
         95       0.67      0.70      0.68        54
        100       0.96      0.56      0.71        93

avg / total       0.80      0.70      0.73       313

Tue, 14 Feb 2017 15:09:09 data_sa.py[line:359] INFO for the strategy:R
Tue, 14 Feb 2017 15:09:09 data_sa.py[line:360] INFO KN:44	1.38760614395
Tue, 14 Feb 2017 15:09:09 data_sa.py[line:364] INFO 
             precision    recall  f1-score   support

         54       0.67      0.85      0.75        34
         58       0.94      1.00      0.97        29
         77       0.00      0.00      0.00         9
         78       0.65      0.87      0.74        30
         82       0.86      0.91      0.89        35
         94       0.29      0.34      0.32        29
         95       0.63      0.50      0.56        54
        100       1.00      0.48      0.65        93

avg / total       0.75      0.63      0.66       313

Tue, 14 Feb 2017 15:09:11 data_sa.py[line:359] INFO for the strategy:C
Tue, 14 Feb 2017 15:09:11 data_sa.py[line:360] INFO KN:10	0.160817861557
Tue, 14 Feb 2017 15:09:11 data_sa.py[line:364] INFO 
             precision    recall  f1-score   support

         54       1.00      0.82      0.90        34
         58       0.94      1.00      0.97        29
         77       0.00      0.00      0.00         9
         78       0.64      0.90      0.75        30
         82       0.79      0.94      0.86        35
         94       0.21      0.34      0.26        29
         95       0.60      0.54      0.57        54
        100       1.00      0.43      0.60        93

avg / total       0.77      0.63      0.66       313

Tue, 14 Feb 2017 15:09:13 data_sa.py[line:359] INFO for the strategy:R
Tue, 14 Feb 2017 15:09:13 data_sa.py[line:360] INFO KN:10	1.33499693871
Tue, 14 Feb 2017 15:09:13 data_sa.py[line:364] INFO 
             precision    recall  f1-score   support

         54       0.60      0.85      0.71        34
         58       0.94      1.00      0.97        29
         77       0.00      0.00      0.00         9
         78       0.65      0.87      0.74        30
         82       0.79      0.94      0.86        35
         94       0.36      0.34      0.35        29
         95       0.67      0.48      0.56        54
        100       1.00      0.49      0.66        93

avg / total       0.75      0.64      0.66       313

Tue, 14 Feb 2017 15:09:15 data_sa.py[line:359] INFO for the strategy:C
Tue, 14 Feb 2017 15:09:15 data_sa.py[line:360] INFO KN:11	0.160838127136
Tue, 14 Feb 2017 15:09:15 data_sa.py[line:364] INFO 
             precision    recall  f1-score   support

         54       1.00      0.91      0.95        34
         58       0.94      1.00      0.97        29
         77       0.36      0.89      0.52         9
         78       0.64      0.90      0.75        30
         82       0.94      0.91      0.93        35
         94       0.11      0.24      0.15        29
         95       0.68      0.56      0.61        54
        100       1.00      0.49      0.66        93

avg / total       0.80      0.67      0.70       313

Tue, 14 Feb 2017 15:09:17 data_sa.py[line:359] INFO for the strategy:R
Tue, 14 Feb 2017 15:09:17 data_sa.py[line:360] INFO KN:11	1.36249303818
Tue, 14 Feb 2017 15:09:17 data_sa.py[line:364] INFO 
             precision    recall  f1-score   support

         54       0.58      0.82      0.68        34
         58       0.94      1.00      0.97        29
         77       0.23      0.78      0.35         9
         78       0.67      0.80      0.73        30
         82       0.80      0.94      0.87        35
         94       0.07      0.10      0.09        29
         95       0.65      0.52      0.58        54
        100       1.00      0.46      0.63        93

avg / total       0.73      0.62      0.64       313

Tue, 14 Feb 2017 15:09:19 data_sa.py[line:359] INFO for the strategy:C
Tue, 14 Feb 2017 15:09:19 data_sa.py[line:360] INFO KN:14	0.161805868149
Tue, 14 Feb 2017 15:09:19 data_sa.py[line:364] INFO 
             precision    recall  f1-score   support

         54       1.00      0.79      0.89        34
         58       0.94      1.00      0.97        29
         77       0.19      0.89      0.31         9
         78       0.69      0.83      0.76        30
         82       0.78      0.91      0.84        35
         94       0.06      0.10      0.08        29
         95       0.64      0.59      0.62        54
        100       1.00      0.40      0.57        93

avg / total       0.77      0.62      0.64       313

Tue, 14 Feb 2017 15:09:21 data_sa.py[line:359] INFO for the strategy:R
Tue, 14 Feb 2017 15:09:21 data_sa.py[line:360] INFO KN:14	1.34589600563
Tue, 14 Feb 2017 15:09:21 data_sa.py[line:364] INFO 
             precision    recall  f1-score   support

         54       0.60      0.88      0.71        34
         58       0.94      1.00      0.97        29
         77       0.00      0.00      0.00         9
         78       0.66      0.83      0.74        30
         82       0.82      0.89      0.85        35
         94       0.31      0.34      0.33        29
         95       0.68      0.56      0.61        54
        100       1.00      0.46      0.63        93

avg / total       0.75      0.63      0.66       313

Tue, 14 Feb 2017 15:09:22 data_sa.py[line:359] INFO for the strategy:C
Tue, 14 Feb 2017 15:09:22 data_sa.py[line:360] INFO KN:1	0.163378953934
Tue, 14 Feb 2017 15:09:22 data_sa.py[line:364] INFO 
             precision    recall  f1-score   support

         54       1.00      0.82      0.90        34
         58       0.94      1.00      0.97        29
         77       0.00      0.00      0.00         9
         78       0.61      0.93      0.74        30
         82       0.94      0.94      0.94        35
         94       0.32      0.48      0.38        29
         95       0.67      0.54      0.60        54
        100       0.73      0.40      0.51        93

avg / total       0.72      0.63      0.66       313

Tue, 14 Feb 2017 15:09:24 data_sa.py[line:359] INFO for the strategy:R
Tue, 14 Feb 2017 15:09:24 data_sa.py[line:360] INFO KN:1	1.32749581337
Tue, 14 Feb 2017 15:09:24 data_sa.py[line:364] INFO 
             precision    recall  f1-score   support

         54       0.55      0.82      0.66        34
         58       0.94      1.00      0.97        29
         77       0.00      0.00      0.00         9
         78       0.72      0.87      0.79        30
         82       0.82      0.89      0.85        35
         94       0.30      0.34      0.32        29
         95       0.68      0.52      0.59        54
        100       1.00      0.46      0.63        93

avg / total       0.75      0.62      0.65       313

Tue, 14 Feb 2017 15:09:26 data_sa.py[line:359] INFO for the strategy:C
Tue, 14 Feb 2017 15:09:26 data_sa.py[line:360] INFO KN:21	0.161858797073
Tue, 14 Feb 2017 15:09:26 data_sa.py[line:364] INFO 
             precision    recall  f1-score   support

         54       1.00      0.82      0.90        34
         58       0.94      1.00      0.97        29
         77       0.38      0.89      0.53         9
         78       0.71      0.90      0.79        30
         82       0.94      0.91      0.93        35
         94       0.05      0.10      0.07        29
         95       0.69      0.74      0.71        54
        100       1.00      0.46      0.63        93

avg / total       0.80      0.67      0.70       313

Tue, 14 Feb 2017 15:09:28 data_sa.py[line:359] INFO for the strategy:R
Tue, 14 Feb 2017 15:09:28 data_sa.py[line:360] INFO KN:21	1.39665293694
Tue, 14 Feb 2017 15:09:28 data_sa.py[line:364] INFO 
             precision    recall  f1-score   support

         54       0.65      0.82      0.73        34
         58       0.94      1.00      0.97        29
         77       0.00      0.00      0.00         9
         78       0.69      0.83      0.76        30
         82       0.79      0.94      0.86        35
         94       0.33      0.38      0.35        29
         95       0.69      0.57      0.63        54
        100       1.00      0.45      0.62        93

avg / total       0.76      0.64      0.66       313

Tue, 14 Feb 2017 15:09:30 data_sa.py[line:359] INFO for the strategy:C
Tue, 14 Feb 2017 15:09:30 data_sa.py[line:360] INFO KN:2	0.160094022751
Tue, 14 Feb 2017 15:09:30 data_sa.py[line:364] INFO 
             precision    recall  f1-score   support

         54       1.00      0.79      0.89        34
         58       0.94      1.00      0.97        29
         77       0.00      0.00      0.00         9
         78       0.62      0.83      0.71        30
         82       0.90      0.74      0.81        35
         94       0.05      0.07      0.06        29
         95       0.69      0.80      0.74        54
        100       1.00      0.45      0.62        93

avg / total       0.78      0.62      0.66       313

Tue, 14 Feb 2017 15:09:32 data_sa.py[line:359] INFO for the strategy:R
Tue, 14 Feb 2017 15:09:32 data_sa.py[line:360] INFO KN:2	1.35411405563
Tue, 14 Feb 2017 15:09:32 data_sa.py[line:364] INFO 
             precision    recall  f1-score   support

         54       0.58      0.85      0.69        34
         58       0.94      1.00      0.97        29
         77       0.00      0.00      0.00         9
         78       0.65      0.80      0.72        30
         82       0.82      0.94      0.88        35
         94       0.33      0.38      0.35        29
         95       0.67      0.52      0.58        54
        100       1.00      0.44      0.61        93

avg / total       0.75      0.62      0.65       313

Tue, 14 Feb 2017 15:09:33 data_sa.py[line:359] INFO for the strategy:C
Tue, 14 Feb 2017 15:09:33 data_sa.py[line:360] INFO KN:9	0.161685943604
Tue, 14 Feb 2017 15:09:33 data_sa.py[line:364] INFO 
             precision    recall  f1-score   support

         54       1.00      0.82      0.90        34
         58       0.94      1.00      0.97        29
         77       0.00      0.00      0.00         9
         78       0.62      0.87      0.72        30
         82       0.75      0.94      0.84        35
         94       0.32      0.34      0.33        29
         95       0.67      0.67      0.67        54
        100       1.00      0.40      0.57        93

avg / total       0.78      0.64      0.67       313

Tue, 14 Feb 2017 15:09:35 data_sa.py[line:359] INFO for the strategy:R
Tue, 14 Feb 2017 15:09:35 data_sa.py[line:360] INFO KN:9	1.345277071
Tue, 14 Feb 2017 15:09:35 data_sa.py[line:364] INFO 
             precision    recall  f1-score   support

         54       0.56      0.82      0.67        34
         58       0.94      1.00      0.97        29
         77       0.26      0.89      0.40         9
         78       0.68      0.87      0.76        30
         82       0.82      0.94      0.88        35
         94       0.08      0.10      0.09        29
         95       0.69      0.54      0.60        54
        100       1.00      0.45      0.62        93

avg / total       0.74      0.63      0.64       313

Tue, 14 Feb 2017 15:09:37 data_sa.py[line:359] INFO for the strategy:C
Tue, 14 Feb 2017 15:09:37 data_sa.py[line:360] INFO KN:34	0.161112070084
Tue, 14 Feb 2017 15:09:37 data_sa.py[line:364] INFO 
             precision    recall  f1-score   support

         54       1.00      0.82      0.90        34
         58       0.94      1.00      0.97        29
         77       0.27      0.89      0.41         9
         78       0.65      0.87      0.74        30
         82       0.80      0.94      0.87        35
         94       0.06      0.10      0.07        29
         95       0.64      0.56      0.59        54
        100       1.00      0.48      0.65        93

avg / total       0.77      0.65      0.67       313

Tue, 14 Feb 2017 15:09:39 data_sa.py[line:359] INFO for the strategy:R
Tue, 14 Feb 2017 15:09:39 data_sa.py[line:360] INFO KN:34	1.40297794342
Tue, 14 Feb 2017 15:09:39 data_sa.py[line:364] INFO 
             precision    recall  f1-score   support

         54       0.65      0.82      0.73        34
         58       0.94      1.00      0.97        29
         77       0.24      0.89      0.37         9
         78       0.71      0.83      0.77        30
         82       0.80      0.94      0.87        35
         94       0.08      0.10      0.09        29
         95       0.65      0.56      0.60        54
        100       1.00      0.48      0.65        93

avg / total       0.74      0.64      0.66       313

Tue, 14 Feb 2017 15:09:41 data_sa.py[line:359] INFO for the strategy:C
Tue, 14 Feb 2017 15:09:41 data_sa.py[line:360] INFO KN:36	0.161961078644
Tue, 14 Feb 2017 15:09:41 data_sa.py[line:364] INFO 
             precision    recall  f1-score   support

         54       1.00      0.82      0.90        34
         58       0.94      1.00      0.97        29
         77       0.24      0.89      0.38         9
         78       0.71      0.90      0.79        30
         82       0.82      0.94      0.88        35
         94       0.07      0.14      0.09        29
         95       0.62      0.48      0.54        54
        100       1.00      0.46      0.63        93

avg / total       0.77      0.63      0.66       313

Tue, 14 Feb 2017 15:09:43 data_sa.py[line:359] INFO for the strategy:R
Tue, 14 Feb 2017 15:09:43 data_sa.py[line:360] INFO KN:36	1.33268499374
Tue, 14 Feb 2017 15:09:43 data_sa.py[line:364] INFO 
             precision    recall  f1-score   support

         54       0.55      0.82      0.66        34
         58       0.94      1.00      0.97        29
         77       0.27      0.89      0.41         9
         78       0.65      0.80      0.72        30
         82       0.82      0.94      0.88        35
         94       0.08      0.10      0.09        29
         95       0.67      0.57      0.62        54
        100       1.00      0.45      0.62        93

avg / total       0.73      0.63      0.64       313

